#
# A fatal error has been detected by the Java Runtime Environment:
#
#  SIGSEGV (0xb) at pc=0x00007f493e3b45c0, pid=15891, tid=0x00007f48fe5f3700
#
# JRE version: OpenJDK Runtime Environment (8.0_76-b03) (build 1.8.0_76-release-b03)
# Java VM: OpenJDK 64-Bit Server VM (25.76-b03 mixed mode linux-amd64 compressed oops)
# Problematic frame:
# J 8708 C1 com.android.dx.cf.code.BytecodeArray.parseInstruction(ILcom/android/dx/cf/code/BytecodeArray$Visitor;)I (2764 bytes) @ 0x00007f493e3b45c0 [0x00007f493e3adbe0+0x69e0]
#
# Failed to write core dump. Core dumps have been disabled. To enable core dumping, try "ulimit -c unlimited" before starting Java again
#
# If you would like to submit a bug report, please visit:
#   http://bugreport.java.com/bugreport/crash.jsp
#

---------------  T H R E A D  ---------------

Current thread (0x00007f494c2ca800):  JavaThread "pool-12-thread-4" [_thread_in_Java, id=15954, stack(0x00007f48fe4f3000,0x00007f48fe5f4000)]

siginfo: si_signo: 11 (SIGSEGV), si_code: 128 (SI_KERNEL), si_addr: 0x0000000000000000

Registers:
RAX=0x00007f493df06f00, RBX=0x00007f48fee21df0, RCX=0x00000000000937e8, RDX=0x00007f48fee21f78
RSP=0x00007f48fe5f1f10, RBP=0x00007f48fe5f2300, RSI=0x00000000e1f81fa8, RDI=0xe1f81fa8528e7b10
R8 =0x00007f48fee566f8, R9 =0x0000000000000006, R10=0x00007f49533ea260, R11=0x00007f493e3adc00
R12=0x0000000000000000, R13=0x00007f48fe5f22a8, R14=0x00007f48fe5f2338, R15=0x00007f494c2ca800
RIP=0x00007f493e3b45c0, EFLAGS=0x0000000000010206, CSGSFS=0x0000000000000033, ERR=0x0000000000000000
  TRAPNO=0x000000000000000d

Top of Stack: (sp=0x00007f48fe5f1f10)
0x00007f48fe5f1f10:   00007f48fe5f1f80 000060000000ffff
0x00007f48fe5f1f20:   00007f48fe5f1ff0 00007f4952cfbcc9
0x00007f48fe5f1f30:   00007f48fe5f1f60 00007f48fe5f1f70
0x00007f48fe5f1f40:   00007f48fe5f1f98 00007f48fe5f1f90
0x00007f48fe5f1f50:   00007f48feeb5608 0000000000000080
0x00007f48fe5f1f60:   00007f48feeb55e8 00007f48fe5f1f80
0x00007f48fe5f1f70:   00007f48feeb55e8 00007f494c2ca800
0x00007f48fe5f1f80:   00007f48fe5f1fb0 00007f495295ab2d
0x00007f48fe5f1f90:   00007f495339fff0 41ab78b380000000
0x00007f48fe5f1fa0:   00007f494c0261e0 0000000000000080
0x00007f48fe5f1fb0:   00007f48fe5f1ff0 00007f49527db0da
0x00007f48fe5f1fc0:   00000080000000b2 403099999999999a
0x00007f48fe5f1fd0:   00000000e1f81fa8 0000013f0000013e
0x00007f48fe5f1fe0:   00000000e1f81f90 00000000e2cce9e8
0x00007f48fe5f1ff0:   00007f48fe5f2050 00007f4900000019
0x00007f48fe5f2000:   00007f48fe5f2060 00000001007eede8
0x00007f48fe5f2010:   00000001007e1308 0000000000000001
0x00007f48fe5f2020:   00007f494c2ca800 0000000000000022
0x00007f48fe5f2030:   00007f48fe5f20b0 00007f4952aff5df
0x00007f48fe5f2040:   00007f494c2ca800 00007f48fe5f2070
0x00007f48fe5f2050:   00007f48fe5f20b0 00000001007eede8
0x00007f48fe5f2060:   00000001007e1308 0000000000000001
0x00007f48fe5f2070:   00007f494c2ca800 0000000000000006
0x00007f48fe5f2080:   00007f48fe5f2100 00007f4952aff5df
0x00007f48fe5f2090:   0000000000000002 00000001007e1308
0x00007f48fe5f20a0:   00007f48fe5f20c0 e1f81fa8528e7b10
0x00007f48fe5f20b0:   0000000000000000 0000000000000011
0x00007f48fe5f20c0:   00007f48fe5f2130 00007f4952d45b2a
0x00007f48fe5f20d0:   ffffffff00000013 00007f494c2ca800
0x00007f48fe5f20e0:   0000000000000002 00000001007e1308
0x00007f48fe5f20f0:   00007f48fe5f2110 00007f49528e7b10
0x00007f48fe5f2100:   00000000e2cf8cf0 0000000000000003 

Instructions: (pc=0x00007f493e3b45c0)
0x00007f493e3b45a0:   ba 78 1f e2 fe 48 7f 00 00 81 e1 f8 ff 7f 00 83
0x00007f493e3b45b0:   f9 00 0f 84 0c 7d 00 00 48 8b bc 24 98 01 00 00
0x00007f493e3b45c0:   8b 57 14 8b 4f 0c 03 8c 24 cc 00 00 00 4c 63 c1
0x00007f493e3b45d0:   3b 4a 0c 0f 83 0c 7d 00 00 42 0f be 54 02 10 4c 

Register to memory mapping:

RAX=0x00007f493df06f00 is at entry_point+32 in (nmethod*)0x00007f493df06d90
RBX={method} {0x00007f48fee21df0} 'checkOffsets' '(II)V' in 'com/android/dx/util/ByteArray'
RCX=0x00000000000937e8 is an unknown value
RDX={method} {0x00007f48fee21f78} 'getUnsignedByte0' '(I)I' in 'com/android/dx/util/ByteArray'
RSP=0x00007f48fe5f1f10 is pointing into the stack for thread: 0x00007f494c2ca800
RBP=0x00007f48fe5f2300 is pointing into the stack for thread: 0x00007f494c2ca800
RSI=0x00000000e1f81fa8 is an oop
com.android.dx.util.ByteArray 
 - klass: 'com/android/dx/util/ByteArray'
RDI=0xe1f81fa8528e7b10 is an unknown value
R8 =0x00007f48fee566f8 is pointing into metadata
R9 =0x0000000000000006 is an unknown value
R10=0x00007f49533ea260: <offset 0xed3260> in /home/owen/android-studio/jre/jre/lib/amd64/server/libjvm.so at 0x00007f4952517000
R11=0x00007f493e3adc00 is at entry_point+32 in (nmethod*)0x00007f493e3ac490
R12=0x0000000000000000 is an unknown value
R13=0x00007f48fe5f22a8 is pointing into the stack for thread: 0x00007f494c2ca800
R14=0x00007f48fe5f2338 is pointing into the stack for thread: 0x00007f494c2ca800
R15=0x00007f494c2ca800 is a thread


Stack: [0x00007f48fe4f3000,0x00007f48fe5f4000],  sp=0x00007f48fe5f1f10,  free space=1019k
Native frames: (J=compiled Java code, j=interpreted, Vv=VM code, C=native code)
J 8708 C1 com.android.dx.cf.code.BytecodeArray.parseInstruction(ILcom/android/dx/cf/code/BytecodeArray$Visitor;)I (2764 bytes) @ 0x00007f493e3b45c0 [0x00007f493e3adbe0+0x69e0]
j  com.android.dx.cf.code.Simulator.simulate(Lcom/android/dx/cf/code/ByteBlock;Lcom/android/dx/cf/code/Frame;)V+35
j  com.android.dx.cf.code.Ropper.processBlock(Lcom/android/dx/cf/code/ByteBlock;Lcom/android/dx/cf/code/Frame;[I)V+29
j  com.android.dx.cf.code.Ropper.doit()V+61
j  com.android.dx.cf.code.Ropper.convert(Lcom/android/dx/cf/code/ConcreteMethod;Lcom/android/dx/rop/code/TranslationAdvice;Lcom/android/dx/cf/iface/MethodList;)Lcom/android/dx/rop/code/RopMethod;+12
j  com.android.dx.dex.cf.CfTranslator.processMethods(Lcom/android/dx/command/dexer/DxContext;Lcom/android/dx/cf/direct/DirectClassFile;Lcom/android/dx/dex/cf/CfOptions;Lcom/android/dx/dex/DexOptions;Lcom/android/dx/dex/file/ClassDefItem;Lcom/android/dx/dex/file/DexFile;)V+176
j  com.android.dx.dex.cf.CfTranslator.translate0(Lcom/android/dx/command/dexer/DxContext;Lcom/android/dx/cf/direct/DirectClassFile;[BLcom/android/dx/dex/cf/CfOptions;Lcom/android/dx/dex/DexOptions;Lcom/android/dx/dex/file/DexFile;)Lcom/android/dx/dex/file/ClassDefItem;+126
j  com.android.dx.dex.cf.CfTranslator.translate(Lcom/android/dx/command/dexer/DxContext;Lcom/android/dx/cf/direct/DirectClassFile;[BLcom/android/dx/dex/cf/CfOptions;Lcom/android/dx/dex/DexOptions;Lcom/android/dx/dex/file/DexFile;)Lcom/android/dx/dex/file/ClassDefItem;+8
j  com.android.dx.command.dexer.Main.translateClass([BLcom/android/dx/cf/direct/DirectClassFile;)Lcom/android/dx/dex/file/ClassDefItem;+24
j  com.android.dx.command.dexer.Main.access$2800(Lcom/android/dx/command/dexer/Main;[BLcom/android/dx/cf/direct/DirectClassFile;)Lcom/android/dx/dex/file/ClassDefItem;+3
j  com.android.dx.command.dexer.Main$ClassTranslatorTask.call()Lcom/android/dx/dex/file/ClassDefItem;+12
j  com.android.dx.command.dexer.Main$ClassTranslatorTask.call()Ljava/lang/Object;+1
j  java.util.concurrent.FutureTask.run()V+42
j  java.util.concurrent.ThreadPoolExecutor.runWorker(Ljava/util/concurrent/ThreadPoolExecutor$Worker;)V+95
j  java.util.concurrent.ThreadPoolExecutor$Worker.run()V+5
j  java.lang.Thread.run()V+11
v  ~StubRoutines::call_stub
V  [libjvm.so+0x6257fa]  JavaCalls::call_helper(JavaValue*, methodHandle*, JavaCallArguments*, Thread*)+0xeea
V  [libjvm.so+0x622ed4]  JavaCalls::call_virtual(JavaValue*, KlassHandle, Symbol*, Symbol*, JavaCallArguments*, Thread*)+0x2a4
V  [libjvm.so+0x6234ca]  JavaCalls::call_virtual(JavaValue*, Handle, KlassHandle, Symbol*, Symbol*, Thread*)+0x4a
V  [libjvm.so+0x663efe]  thread_entry(JavaThread*, Thread*)+0x8e
V  [libjvm.so+0x986ec0]  JavaThread::thread_main_inner()+0xf0
V  [libjvm.so+0x8425b2]  java_start(Thread*)+0xf2
C  [libpthread.so.0+0x76fa]  start_thread+0xca


---------------  P R O C E S S  ---------------

Java Threads: ( => current thread )
=>0x00007f494c2ca800 JavaThread "pool-12-thread-4" [_thread_in_Java, id=15954, stack(0x00007f48fe4f3000,0x00007f48fe5f4000)]
  0x00007f494c2c8800 JavaThread "pool-12-thread-3" [_thread_in_Java, id=15953, stack(0x00007f48fe7f4000,0x00007f48fe8f5000)]
  0x000000000147b800 JavaThread "pool-10-thread-4" [_thread_in_Java, id=15952, stack(0x00007f48fe8f5000,0x00007f48fe9f6000)]
  0x0000000001479800 JavaThread "pool-10-thread-3" [_thread_in_Java, id=15951, stack(0x00007f48fe9f6000,0x00007f48feaf7000)]
  0x0000000001476000 JavaThread "pool-10-thread-2" [_thread_in_Java, id=15950, stack(0x00007f48feaf7000,0x00007f48febf8000)]
  0x00007f494c2c7000 JavaThread "pool-12-thread-2" [_thread_blocked, id=15949, stack(0x00007f48febf8000,0x00007f48fecf9000)]
  0x0000000001475000 JavaThread "pool-11-thread-1" [_thread_blocked, id=15948, stack(0x00007f48ff7fc000,0x00007f48ff8fd000)]
  0x0000000001472800 JavaThread "pool-10-thread-1" [_thread_in_vm, id=15947, stack(0x00007f48ff6fb000,0x00007f48ff7fc000)]
  0x00007f494c3e3000 JavaThread "pool-13-thread-1" [_thread_blocked, id=15946, stack(0x00007f48ff4f9000,0x00007f48ff5fa000)]
  0x00007f49142d8000 JavaThread "pool-7-thread-2" [_thread_in_Java, id=15944, stack(0x00007f48ff5fa000,0x00007f48ff6fb000)]
  0x00007f49205da800 JavaThread "pool-7-thread-1" [_thread_blocked, id=15943, stack(0x00007f48ff9fe000,0x00007f48ffaff000)]
  0x00007f48f8fde000 JavaThread "pool-4-thread-2" [_thread_blocked, id=15928, stack(0x00007f48ffaff000,0x00007f48ffc00000)]
  0x00007f48f8fdc000 JavaThread "pool-4-thread-1" [_thread_blocked, id=15927, stack(0x00007f49100f7000,0x00007f49101f8000)]
  0x00007f48f8d33000 JavaThread "pool-2-thread-1" [_thread_blocked, id=15926, stack(0x00007f491100b000,0x00007f491110c000)]
  0x00007f48f88aa000 JavaThread "File lock request listener" [_thread_in_native, id=15925, stack(0x00007f49115be000,0x00007f49116bf000)]
  0x00007f48f87c8800 JavaThread "process reaper" daemon [_thread_blocked, id=15923, stack(0x00007f49116bf000,0x00007f49116f8000)]
  0x00007f48f801a800 JavaThread "Stdin handler" [_thread_blocked, id=15916, stack(0x00007f4912457000,0x00007f4912558000)]
  0x00007f48f8017000 JavaThread "Asynchronous log dispatcher for org.gradle.launcher.daemon.server.DefaultDaemonConnection@56d100f" [_thread_blocked, id=15915, stack(0x00007f4912558000,0x00007f4912659000)]
  0x00007f4904007000 JavaThread "Daemon worker" [_thread_blocked, id=15912, stack(0x00007f4912659000,0x00007f491275a000)]
  0x00007f490400a800 JavaThread "Cancel handler" [_thread_blocked, id=15911, stack(0x00007f491275a000,0x00007f491285b000)]
  0x00007f4904003800 JavaThread "Handler for socket connection from /127.0.0.1:35931 to /127.0.0.1:59216" [_thread_in_native, id=15910, stack(0x00007f491285b000,0x00007f491295c000)]
  0x00007f4908012000 JavaThread "Daemon" [_thread_blocked, id=15909, stack(0x00007f491295c000,0x00007f4912a5d000)]
  0x00007f494cb3d800 JavaThread "pool-1-thread-1" [_thread_blocked, id=15908, stack(0x00007f4912a5d000,0x00007f4912b5e000)]
  0x00007f494cb0d800 JavaThread "Incoming local TCP Connector on port 35931" [_thread_in_native, id=15907, stack(0x00007f4912d65000,0x00007f4912e66000)]
  0x00007f494c0b9000 JavaThread "Service Thread" daemon [_thread_blocked, id=15903, stack(0x00007f4938446000,0x00007f4938547000)]
  0x00007f494c0b6000 JavaThread "C1 CompilerThread1" daemon [_thread_in_native, id=15902, stack(0x00007f4938547000,0x00007f4938648000)]
  0x00007f494c0b3800 JavaThread "C2 CompilerThread0" daemon [_thread_in_native, id=15901, stack(0x00007f4938648000,0x00007f4938749000)]
  0x00007f494c0b2000 JavaThread "Signal Dispatcher" daemon [_thread_blocked, id=15900, stack(0x00007f4938749000,0x00007f493884a000)]
  0x00007f494c07f000 JavaThread "Finalizer" daemon [_thread_blocked, id=15899, stack(0x00007f4938cd4000,0x00007f4938dd5000)]
  0x00007f494c07a800 JavaThread "Reference Handler" daemon [_thread_blocked, id=15898, stack(0x00007f4938dd5000,0x00007f4938ed6000)]
  0x00007f494c00a000 JavaThread "main" [_thread_blocked, id=15893, stack(0x00007f4953efc000,0x00007f4953ffd000)]

Other Threads:
  0x00007f494c073000 VMThread [stack: 0x00007f4938ed6000,0x00007f4938fd7000] [id=15897]
  0x00007f494c0bb800 WatcherThread [stack: 0x00007f4938345000,0x00007f4938446000] [id=15904]

VM state:not at safepoint (normal execution)

VM Mutex/Monitor currently owned by a thread: None

Heap:
 PSYoungGen      total 192000K, used 49236K [0x00000000e0000000, 0x00000000ed680000, 0x0000000100000000)
  eden space 172544K, 28% used [0x00000000e0000000,0x00000000e3015050,0x00000000ea880000)
  from space 19456K, 0% used [0x00000000ebd00000,0x00000000ebd00000,0x00000000ed000000)
  to   space 20992K, 0% used [0x00000000ea880000,0x00000000ea880000,0x00000000ebd00000)
 ParOldGen       total 144384K, used 34039K [0x00000000a0000000, 0x00000000a8d00000, 0x00000000e0000000)
  object space 144384K, 23% used [0x00000000a0000000,0x00000000a213dc08,0x00000000a8d00000)
 Metaspace       used 60785K, capacity 62345K, committed 62616K, reserved 1103872K
  class space    used 7939K, capacity 8277K, committed 8344K, reserved 1048576K

Card table byte_map: [0x00007f4950aa8000,0x00007f4950da9000] byte_map_base: 0x00007f49505a8000

Marking Bits: (ParMarkBitMap*) 0x00007f49533da1a0
 Begin Bits: [0x00007f493a000000, 0x00007f493b800000)
 End Bits:   [0x00007f493b800000, 0x00007f493d000000)

Polling page: 0x00007f495402a000

CodeCache: size=245760Kb used=20203Kb max_used=20215Kb free=225556Kb
 bounds [0x00007f493d000000, 0x00007f493e3d0000, 0x00007f494c000000]
 total_blobs=8559 nmethods=7821 adapters=651
 compilation: enabled

Compilation events (10 events):
Event: 10.330 Thread 0x00007f494c0b3800 nmethod 8706 0x00007f493d3b1850 code [0x00007f493d3b19c0, 0x00007f493d3b1d18]
Event: 10.331 Thread 0x00007f494c0b3800 8714       4       com.android.dx.util.MutabilityControl::<init> (10 bytes)
Event: 10.331 Thread 0x00007f494c0b3800 nmethod 8714 0x00007f493da64d50 code [0x00007f493da64ea0, 0x00007f493da64ef8]
Event: 10.331 Thread 0x00007f494c0b3800 8716       4       com.android.dx.util.Bits::findFirst (61 bytes)
Event: 10.350 Thread 0x00007f494c0b3800 nmethod 8716 0x00007f493d2adad0 code [0x00007f493d2adc20, 0x00007f493d2addf8]
Event: 10.351 Thread 0x00007f494c0b3800 8735       4       java.util.BitSet::nextSetBit (102 bytes)
Event: 10.357 Thread 0x00007f494c0b3800 nmethod 8735 0x00007f493d72e7d0 code [0x00007f493d72e920, 0x00007f493d72ea78]
Event: 10.357 Thread 0x00007f494c0b3800 8743       4       com.android.dx.cf.code.LineNumberList::get (9 bytes)
Event: 10.358 Thread 0x00007f494c0b3800 nmethod 8743 0x00007f493d8e0790 code [0x00007f493d8e08e0, 0x00007f493d8e09b8]
Event: 10.358 Thread 0x00007f494c0b3800 8721       4       com.android.dx.util.IntList::add (65 bytes)

GC Heap History (10 events):
Event: 6.782 GC heap before
{Heap before GC invocations=11 (full 2):
 PSYoungGen      total 131584K, used 121344K [0x00000000e0000000, 0x00000000eb780000, 0x0000000100000000)
  eden space 121344K, 100% used [0x00000000e0000000,0x00000000e7680000,0x00000000e7680000)
  from space 10240K, 0% used [0x00000000e8200000,0x00000000e8200000,0x00000000e8c00000)
  to   space 11776K, 0% used [0x00000000e7680000,0x00000000e7680000,0x00000000e8200000)
 ParOldGen       total 98304K, used 18005K [0x00000000a0000000, 0x00000000a6000000, 0x00000000e0000000)
  object space 98304K, 18% used [0x00000000a0000000,0x00000000a11954c0,0x00000000a6000000)
 Metaspace       used 41264K, capacity 42058K, committed 42368K, reserved 1085440K
  class space    used 5489K, capacity 5681K, committed 5760K, reserved 1048576K
Event: 6.791 GC heap after
Heap after GC invocations=11 (full 2):
 PSYoungGen      total 133120K, used 9098K [0x00000000e0000000, 0x00000000ea900000, 0x0000000100000000)
  eden space 121344K, 0% used [0x00000000e0000000,0x00000000e0000000,0x00000000e7680000)
  from space 11776K, 77% used [0x00000000e7680000,0x00000000e7f629b8,0x00000000e8200000)
  to   space 12288K, 0% used [0x00000000e9d00000,0x00000000e9d00000,0x00000000ea900000)
 ParOldGen       total 98304K, used 18013K [0x00000000a0000000, 0x00000000a6000000, 0x00000000e0000000)
  object space 98304K, 18% used [0x00000000a0000000,0x00000000a11974c0,0x00000000a6000000)
 Metaspace       used 41264K, capacity 42058K, committed 42368K, reserved 1085440K
  class space    used 5489K, capacity 5681K, committed 5760K, reserved 1048576K
}
Event: 7.773 GC heap before
{Heap before GC invocations=12 (full 2):
 PSYoungGen      total 133120K, used 130442K [0x00000000e0000000, 0x00000000ea900000, 0x0000000100000000)
  eden space 121344K, 100% used [0x00000000e0000000,0x00000000e7680000,0x00000000e7680000)
  from space 11776K, 77% used [0x00000000e7680000,0x00000000e7f629b8,0x00000000e8200000)
  to   space 12288K, 0% used [0x00000000e9d00000,0x00000000e9d00000,0x00000000ea900000)
 ParOldGen       total 98304K, used 18013K [0x00000000a0000000, 0x00000000a6000000, 0x00000000e0000000)
  object space 98304K, 18% used [0x00000000a0000000,0x00000000a11974c0,0x00000000a6000000)
 Metaspace       used 48636K, capacity 50000K, committed 50176K, reserved 1093632K
  class space    used 6543K, capacity 6870K, committed 6912K, reserved 1048576K
Event: 7.796 GC heap after
Heap after GC invocations=12 (full 2):
 PSYoungGen      total 157696K, used 12256K [0x00000000e0000000, 0x00000000ead80000, 0x0000000100000000)
  eden space 145408K, 0% used [0x00000000e0000000,0x00000000e0000000,0x00000000e8e00000)
  from space 12288K, 99% used [0x00000000e9d00000,0x00000000ea8f8020,0x00000000ea900000)
  to   space 15360K, 0% used [0x00000000e8e00000,0x00000000e8e00000,0x00000000e9d00000)
 ParOldGen       total 98304K, used 23377K [0x00000000a0000000, 0x00000000a6000000, 0x00000000e0000000)
  object space 98304K, 23% used [0x00000000a0000000,0x00000000a16d4728,0x00000000a6000000)
 Metaspace       used 48636K, capacity 50000K, committed 50176K, reserved 1093632K
  class space    used 6543K, capacity 6870K, committed 6912K, reserved 1048576K
}
Event: 9.242 GC heap before
{Heap before GC invocations=13 (full 2):
 PSYoungGen      total 157696K, used 157664K [0x00000000e0000000, 0x00000000ead80000, 0x0000000100000000)
  eden space 145408K, 100% used [0x00000000e0000000,0x00000000e8e00000,0x00000000e8e00000)
  from space 12288K, 99% used [0x00000000e9d00000,0x00000000ea8f8020,0x00000000ea900000)
  to   space 15360K, 0% used [0x00000000e8e00000,0x00000000e8e00000,0x00000000e9d00000)
 ParOldGen       total 98304K, used 23377K [0x00000000a0000000, 0x00000000a6000000, 0x00000000e0000000)
  object space 98304K, 23% used [0x00000000a0000000,0x00000000a16d4728,0x00000000a6000000)
 Metaspace       used 56373K, capacity 57678K, committed 57728K, reserved 1099776K
  class space    used 7444K, capacity 7759K, committed 7808K, reserved 1048576K
Event: 9.274 GC heap after
Heap after GC invocations=13 (full 2):
 PSYoungGen      total 160768K, used 15338K [0x00000000e0000000, 0x00000000ed000000, 0x0000000100000000)
  eden space 145408K, 0% used [0x00000000e0000000,0x00000000e0000000,0x00000000e8e00000)
  from space 15360K, 99% used [0x00000000e8e00000,0x00000000e9cfab80,0x00000000e9d00000)
  to   space 19456K, 0% used [0x00000000ebd00000,0x00000000ebd00000,0x00000000ed000000)
 ParOldGen       total 98304K, used 28452K [0x00000000a0000000, 0x00000000a6000000, 0x00000000e0000000)
  object space 98304K, 28% used [0x00000000a0000000,0x00000000a1bc92a0,0x00000000a6000000)
 Metaspace       used 56373K, capacity 57678K, committed 57728K, reserved 1099776K
  class space    used 7444K, capacity 7759K, committed 7808K, reserved 1048576K
}
Event: 9.619 GC heap before
{Heap before GC invocations=14 (full 2):
 PSYoungGen      total 160768K, used 91324K [0x00000000e0000000, 0x00000000ed000000, 0x0000000100000000)
  eden space 145408K, 52% used [0x00000000e0000000,0x00000000e4a34628,0x00000000e8e00000)
  from space 15360K, 99% used [0x00000000e8e00000,0x00000000e9cfab80,0x00000000e9d00000)
  to   space 19456K, 0% used [0x00000000ebd00000,0x00000000ebd00000,0x00000000ed000000)
 ParOldGen       total 98304K, used 28452K [0x00000000a0000000, 0x00000000a6000000, 0x00000000e0000000)
  object space 98304K, 28% used [0x00000000a0000000,0x00000000a1bc92a0,0x00000000a6000000)
 Metaspace       used 57593K, capacity 59141K, committed 59160K, reserved 1099776K
  class space    used 7602K, capacity 7941K, committed 7960K, reserved 1048576K
Event: 9.638 GC heap after
Heap after GC invocations=14 (full 2):
 PSYoungGen      total 192000K, used 16573K [0x00000000e0000000, 0x00000000ed680000, 0x0000000100000000)
  eden space 172544K, 0% used [0x00000000e0000000,0x00000000e0000000,0x00000000ea880000)
  from space 19456K, 85% used [0x00000000ebd00000,0x00000000ecd2f600,0x00000000ed000000)
  to   space 20992K, 0% used [0x00000000ea880000,0x00000000ea880000,0x00000000ebd00000)
 ParOldGen       total 98304K, used 28460K [0x00000000a0000000, 0x00000000a6000000, 0x00000000e0000000)
  object space 98304K, 28% used [0x00000000a0000000,0x00000000a1bcb2a0,0x00000000a6000000)
 Metaspace       used 57593K, capacity 59141K, committed 59160K, reserved 1099776K
  class space    used 7602K, capacity 7941K, committed 7960K, reserved 1048576K
}
Event: 9.638 GC heap before
{Heap before GC invocations=15 (full 3):
 PSYoungGen      total 192000K, used 16573K [0x00000000e0000000, 0x00000000ed680000, 0x0000000100000000)
  eden space 172544K, 0% used [0x00000000e0000000,0x00000000e0000000,0x00000000ea880000)
  from space 19456K, 85% used [0x00000000ebd00000,0x00000000ecd2f600,0x00000000ed000000)
  to   space 20992K, 0% used [0x00000000ea880000,0x00000000ea880000,0x00000000ebd00000)
 ParOldGen       total 98304K, used 28460K [0x00000000a0000000, 0x00000000a6000000, 0x00000000e0000000)
  object space 98304K, 28% used [0x00000000a0000000,0x00000000a1bcb2a0,0x00000000a6000000)
 Metaspace       used 57593K, capacity 59141K, committed 59160K, reserved 1099776K
  class space    used 7602K, capacity 7941K, committed 7960K, reserved 1048576K
Event: 9.803 GC heap after
Heap after GC invocations=15 (full 3):
 PSYoungGen      total 192000K, used 0K [0x00000000e0000000, 0x00000000ed680000, 0x0000000100000000)
  eden space 172544K, 0% used [0x00000000e0000000,0x00000000e0000000,0x00000000ea880000)
  from space 19456K, 0% used [0x00000000ebd00000,0x00000000ebd00000,0x00000000ed000000)
  to   space 20992K, 0% used [0x00000000ea880000,0x00000000ea880000,0x00000000ebd00000)
 ParOldGen       total 144384K, used 34039K [0x00000000a0000000, 0x00000000a8d00000, 0x00000000e0000000)
  object space 144384K, 23% used [0x00000000a0000000,0x00000000a213dc08,0x00000000a8d00000)
 Metaspace       used 57588K, capacity 59127K, committed 59160K, reserved 1099776K
  class space    used 7601K, capacity 7938K, committed 7960K, reserved 1048576K
}

Deoptimization events (10 events):
Event: 10.266 Thread 0x000000000147b800 Uncommon trap: reason=unstable_if action=reinterpret pc=0x00007f493df74894 method=java.util.concurrent.ConcurrentHashMap.putVal(Ljava/lang/Object;Ljava/lang/Object;Z)Ljava/lang/Object; @ 98
Event: 10.319 Thread 0x000000000147b800 Uncommon trap: reason=class_check action=maybe_recompile pc=0x00007f493d6cfd20 method=com.android.dx.rop.cst.Constant.compareTo(Ljava/lang/Object;)I @ 2
Event: 10.320 Thread 0x00007f494c2c7000 Uncommon trap: reason=class_check action=maybe_recompile pc=0x00007f493d6cfd20 method=com.android.dx.rop.cst.Constant.compareTo(Ljava/lang/Object;)I @ 2
Event: 10.320 Thread 0x000000000147b800 Uncommon trap: reason=class_check action=maybe_recompile pc=0x00007f493d6cd4b4 method=com.android.dx.rop.cst.CstMemberRef.compareTo0(Lcom/android/dx/rop/cst/Constant;)I @ 1
Event: 10.320 Thread 0x00007f494c2c7000 Uncommon trap: reason=class_check action=maybe_recompile pc=0x00007f493d6cd4b4 method=com.android.dx.rop.cst.CstMemberRef.compareTo0(Lcom/android/dx/rop/cst/Constant;)I @ 1
Event: 10.320 Thread 0x00007f494c2c7000 Uncommon trap: reason=class_check action=maybe_recompile pc=0x00007f493d6cfd20 method=com.android.dx.rop.cst.Constant.compareTo(Ljava/lang/Object;)I @ 2
Event: 10.320 Thread 0x00007f494c2c7000 Uncommon trap: reason=class_check action=maybe_recompile pc=0x00007f493d6cd4b4 method=com.android.dx.rop.cst.CstMemberRef.compareTo0(Lcom/android/dx/rop/cst/Constant;)I @ 1
Event: 10.320 Thread 0x0000000001479800 Uncommon trap: reason=class_check action=maybe_recompile pc=0x00007f493d6cfd20 method=com.android.dx.rop.cst.Constant.compareTo(Ljava/lang/Object;)I @ 2
Event: 10.320 Thread 0x0000000001479800 Uncommon trap: reason=class_check action=maybe_recompile pc=0x00007f493d6cd4b4 method=com.android.dx.rop.cst.CstMemberRef.compareTo0(Lcom/android/dx/rop/cst/Constant;)I @ 1
Event: 10.366 Thread 0x0000000001479800 Uncommon trap: reason=unstable_if action=reinterpret pc=0x00007f493d6cf298 method=com.android.dx.rop.cst.CstFieldRef.compareTo0(Lcom/android/dx/rop/cst/Constant;)I @ 7

Internal exceptions (10 events):
Event: 7.475 Thread 0x00007f4904007000 Exception <a 'java/lang/ClassNotFoundException': org/gradle/model/internal/core/ModelMapGroovyViewCustomizer> (0x00000000e66d8da8) thrown at [/ssd/Android/AOSP-openjdk/external/jetbrains/jdk/hotspot/src/share/vm/classfile/systemDictionary.cpp, line 210]
Event: 7.475 Thread 0x00007f4904007000 Exception <a 'java/lang/ClassNotFoundException': org/gradle/model/internal/core/NodeBackedModelMapCustomizer> (0x00000000e66fc8f0) thrown at [/ssd/Android/AOSP-openjdk/external/jetbrains/jdk/hotspot/src/share/vm/classfile/systemDictionary.cpp, line 210]
Event: 7.476 Thread 0x00007f4904007000 Exception <a 'java/lang/ClassNotFoundException': org/gradle/platform/base/BinaryContainer_ImplCustomizer> (0x00000000e6759bf0) thrown at [/ssd/Android/AOSP-openjdk/external/jetbrains/jdk/hotspot/src/share/vm/classfile/systemDictionary.cpp, line 210]
Event: 7.568 Thread 0x00007f4904007000 Exception <a 'java/lang/NoSuchMethodError': <clinit>> (0x00000000e6cc5b88) thrown at [/ssd/Android/AOSP-openjdk/external/jetbrains/jdk/hotspot/src/share/vm/prims/jni.cpp, line 1591]
Event: 7.572 Thread 0x00007f4904007000 Exception <a 'java/lang/NoSuchMethodError': <clinit>> (0x00000000e6cd2b70) thrown at [/ssd/Android/AOSP-openjdk/external/jetbrains/jdk/hotspot/src/share/vm/prims/jni.cpp, line 1591]
Event: 7.596 Thread 0x00007f4904007000 Exception <a 'java/lang/NoSuchMethodError': <clinit>> (0x00000000e6ef7600) thrown at [/ssd/Android/AOSP-openjdk/external/jetbrains/jdk/hotspot/src/share/vm/prims/jni.cpp, line 1591]
Event: 7.598 Thread 0x00007f4904007000 Exception <a 'java/lang/NoSuchMethodError': <clinit>> (0x00000000e6f0fe10) thrown at [/ssd/Android/AOSP-openjdk/external/jetbrains/jdk/hotspot/src/share/vm/prims/jni.cpp, line 1591]
Event: 7.598 Thread 0x00007f4904007000 Exception <a 'java/lang/NoSuchMethodError': <clinit>> (0x00000000e6f11328) thrown at [/ssd/Android/AOSP-openjdk/external/jetbrains/jdk/hotspot/src/share/vm/prims/jni.cpp, line 1591]
Event: 9.548 Thread 0x00007f4904007000 Exception <a 'java/lang/NoSuchMethodError': <clinit>> (0x00000000e43c9370) thrown at [/ssd/Android/AOSP-openjdk/external/jetbrains/jdk/hotspot/src/share/vm/prims/jni.cpp, line 1591]
Event: 10.377 Thread 0x00007f494c2ca800 Implicit null exception at 0x00007f493e3b45c0 to 0x0000000000000000

Events (10 events):
Event: 10.327 Thread 0x00007f494c0b6000 flushing nmethod 0x00007f493d3b1110
Event: 10.327 Thread 0x00007f494c0b6000 flushing nmethod 0x00007f493d3b1d90
Event: 10.327 Thread 0x00007f494c0b6000 flushing nmethod 0x00007f493d3c4190
Event: 10.331 Thread 0x00007f494c0b3800 flushing nmethod 0x00007f493d72e7d0
Event: 10.338 loading class com/android/dx/ssa/back/FirstFitLocalCombiningAllocator$Multiset
Event: 10.338 loading class com/android/dx/ssa/back/FirstFitLocalCombiningAllocator$Multiset done
Event: 10.350 Thread 0x00007f494c0b3800 flushing nmethod 0x00007f493d8e0510
Event: 10.366 Thread 0x0000000001479800 Uncommon trap: trap_request=0xffffff65 fr.pc=0x00007f493d6cf298
Event: 10.366 Thread 0x0000000001479800 DEOPT PACKING pc=0x00007f493d6cf298 sp=0x00007f48feaf5440
Event: 10.366 Thread 0x0000000001479800 DEOPT UNPACKING pc=0x00007f493d004f69 sp=0x00007f48feaf53e8 mode 2


Dynamic libraries:
00400000-00401000 r-xp 00000000 08:02 3671999                            /home/owen/android-studio/jre/bin/java
00600000-00601000 r--p 00000000 08:02 3671999                            /home/owen/android-studio/jre/bin/java
00601000-00602000 rw-p 00001000 08:02 3671999                            /home/owen/android-studio/jre/bin/java
01465000-01486000 rw-p 00000000 00:00 0                                  [heap]
a0000000-a8d00000 rw-p 00000000 00:00 0 
a8d00000-e0000000 ---p 00000000 00:00 0 
e0000000-ed680000 rw-p 00000000 00:00 0 
ed680000-100000000 ---p 00000000 00:00 0 
100000000-100826000 rw-p 00000000 00:00 0 
100826000-140000000 ---p 00000000 00:00 0 
7f48f8000000-7f48f959d000 rw-p 00000000 00:00 0 
7f48f959d000-7f48fc000000 ---p 00000000 00:00 0 
7f48fe4f3000-7f48fe4f6000 ---p 00000000 00:00 0 
7f48fe4f6000-7f48fe6f4000 rw-p 00000000 00:00 0 
7f48fe6f4000-7f48fe7f4000 ---p 00000000 00:00 0 
7f48fe7f4000-7f48fe7f7000 ---p 00000000 00:00 0 
7f48fe7f7000-7f48fe8f5000 rw-p 00000000 00:00 0 
7f48fe8f5000-7f48fe8f8000 ---p 00000000 00:00 0 
7f48fe8f8000-7f48fe9f6000 rw-p 00000000 00:00 0 
7f48fe9f6000-7f48fe9f9000 ---p 00000000 00:00 0 
7f48fe9f9000-7f48feaf7000 rw-p 00000000 00:00 0 
7f48feaf7000-7f48feafa000 ---p 00000000 00:00 0 
7f48feafa000-7f48febf8000 rw-p 00000000 00:00 0 
7f48febf8000-7f48febfb000 ---p 00000000 00:00 0 
7f48febfb000-7f48feef9000 rw-p 00000000 00:00 0 
7f48feef9000-7f48ff0f9000 rw-p 00000000 00:00 0 
7f48ff0f9000-7f48ff2f9000 rw-p 00000000 00:00 0 
7f48ff2f9000-7f48ff4f9000 rw-p 00000000 00:00 0 
7f48ff4f9000-7f48ff4fc000 ---p 00000000 00:00 0 
7f48ff4fc000-7f48ff5fa000 rw-p 00000000 00:00 0 
7f48ff5fa000-7f48ff5fd000 ---p 00000000 00:00 0 
7f48ff5fd000-7f48ff6fb000 rw-p 00000000 00:00 0 
7f48ff6fb000-7f48ff6fe000 ---p 00000000 00:00 0 
7f48ff6fe000-7f48ff7fc000 rw-p 00000000 00:00 0 
7f48ff7fc000-7f48ff7ff000 ---p 00000000 00:00 0 
7f48ff7ff000-7f48ff8fd000 rw-p 00000000 00:00 0 
7f48ff8fd000-7f48ff900000 ---p 00000000 00:00 0 
7f48ff900000-7f48ff9fe000 rw-p 00000000 00:00 0 
7f48ff9fe000-7f48ffa01000 ---p 00000000 00:00 0 
7f48ffa01000-7f48ffaff000 rw-p 00000000 00:00 0 
7f48ffaff000-7f48ffb02000 ---p 00000000 00:00 0 
7f48ffb02000-7f48ffe00000 rw-p 00000000 00:00 0 
7f48ffe00000-7f4900000000 rw-p 00000000 00:00 0 
7f4900000000-7f4900021000 rw-p 00000000 00:00 0 
7f4900021000-7f4904000000 ---p 00000000 00:00 0 
7f4904000000-7f4904021000 rw-p 00000000 00:00 0 
7f4904021000-7f4908000000 ---p 00000000 00:00 0 
7f4908000000-7f490806f000 rw-p 00000000 00:00 0 
7f490806f000-7f490c000000 ---p 00000000 00:00 0 
7f490c000000-7f490c021000 rw-p 00000000 00:00 0 
7f490c021000-7f4910000000 ---p 00000000 00:00 0 
7f49100f7000-7f49100fa000 ---p 00000000 00:00 0 
7f49100fa000-7f49103f8000 rw-p 00000000 00:00 0 
7f49103f8000-7f49105f8000 rw-p 00000000 00:00 0 
7f49105f8000-7f49107f8000 rw-p 00000000 00:00 0 
7f49107f8000-7f491080b000 r--s 00344000 08:02 3672022                    /home/owen/android-studio/jre/jre/lib/resources.jar
7f491080b000-7f4910a0b000 rw-p 00000000 00:00 0 
7f4910a0b000-7f4910c0b000 rw-p 00000000 00:00 0 
7f4910c0b000-7f4910e0b000 rw-p 00000000 00:00 0 
7f4910e0b000-7f491100b000 rw-p 00000000 00:00 0 
7f491100b000-7f491100e000 ---p 00000000 00:00 0 
7f491100e000-7f491130c000 rw-p 00000000 00:00 0 
7f491130c000-7f4911337000 r--s 001fc000 08:02 5113675                    /home/owen/android-studio/gradle/m2repository/com/google/guava/guava/18.0/guava-18.0.jar
7f4911337000-7f4911338000 r--s 00001000 08:02 5113777                    /home/owen/android-studio/gradle/m2repository/com/android/tools/annotations/25.2.1/annotations-25.2.1.jar
7f4911338000-7f491134a000 r--s 000b3000 08:02 5114023                    /home/owen/android-studio/gradle/m2repository/com/android/tools/external/com-intellij/uast/145.597.3/uast-145.597.3.jar
7f491134a000-7f4911352000 r--s 000a8000 08:02 5114016                    /home/owen/android-studio/gradle/m2repository/com/android/tools/external/lombok/lombok-ast/0.2.3/lombok-ast-0.2.3.jar
7f4911352000-7f4911354000 r--s 0000d000 08:02 5114211                    /home/owen/android-studio/gradle/m2repository/commons-codec/commons-codec/1.4/commons-codec-1.4.jar
7f4911354000-7f4911356000 r--s 0000d000 08:02 5113337                    /home/owen/android-studio/gradle/m2repository/commons-logging/commons-logging/1.1.1/commons-logging-1.1.1.jar
7f4911356000-7f491135b000 r--s 00028000 08:02 5113562                    /home/owen/android-studio/gradle/m2repository/org/apache/httpcomponents/httpcore/4.1/httpcore-4.1.jar
7f491135b000-7f491135f000 r--s 0002f000 08:02 5113705                    /home/owen/android-studio/gradle/m2repository/com/google/jimfs/jimfs/1.1/jimfs-1.1.jar
7f491135f000-7f4911360000 r--s 00004000 08:02 5113638                    /home/owen/android-studio/gradle/m2repository/com/intellij/annotations/12.0/annotations-12.0.jar
7f4911360000-7f4911361000 r--s 00004000 08:02 5113384                    /home/owen/android-studio/gradle/m2repository/org/ow2/asm/asm-analysis/5.0.4/asm-analysis-5.0.4.jar
7f4911361000-7f4911365000 r--s 0003b000 08:02 5114111                    /home/owen/android-studio/gradle/m2repository/com/android/tools/lint/lint-api/25.2.1/lint-api-25.2.1.jar
7f4911365000-7f4911366000 r--s 0000a000 08:02 5114173                    /home/owen/android-studio/gradle/m2repository/net/sf/kxml/kxml2/2.3.0/kxml2-2.3.0.jar
7f4911366000-7f4911368000 r--s 00005000 08:02 5113553                    /home/owen/android-studio/gradle/m2repository/org/apache/httpcomponents/httpmime/4.1/httpmime-4.1.jar
7f4911368000-7f4911370000 r--s 0004e000 08:02 5113573                    /home/owen/android-studio/gradle/m2repository/org/apache/httpcomponents/httpclient/4.1.1/httpclient-4.1.1.jar
7f4911370000-7f4911377000 r--s 00053000 08:02 5113585                    /home/owen/android-studio/gradle/m2repository/org/apache/commons/commons-compress/1.8.1/commons-compress-1.8.1.jar
7f4911377000-7f491137c000 r--s 0002a000 08:02 5113693                    /home/owen/android-studio/gradle/m2repository/com/google/code/gson/gson/2.2.4/gson-2.2.4.jar
7f491137c000-7f4911381000 r--s 0002d000 08:02 5114034                    /home/owen/android-studio/gradle/m2repository/com/android/tools/repository/25.2.1/repository-25.2.1.jar
7f4911381000-7f4911384000 r--s 00014000 08:02 5113918                    /home/owen/android-studio/gradle/m2repository/com/android/tools/layoutlib/layoutlib-api/25.2.1/layoutlib-api-25.2.1.jar
7f4911384000-7f4911394000 r--s 000d6000 08:02 5114185                    /home/owen/android-studio/gradle/m2repository/net/sf/proguard/proguard-base/5.2.1/proguard-base-5.2.1.jar
7f4911394000-7f49113ab000 r--s 00154000 08:02 5113498                    /home/owen/android-studio/gradle/m2repository/org/antlr/antlr4/4.5.3/antlr4-4.5.3.jar
7f49113ab000-7f49113be000 r--s 00236000 08:02 5113443                    /home/owen/android-studio/gradle/m2repository/org/eclipse/jdt/core/compiler/ecj/4.5.1/ecj-4.5.1.jar
7f49113be000-7f49115be000 rw-p 00000000 00:00 0 
7f49115be000-7f49115c1000 ---p 00000000 00:00 0 
7f49115c1000-7f49116bf000 rw-p 00000000 00:00 0 
7f49116bf000-7f49116c2000 ---p 00000000 00:00 0 
7f49116c2000-7f49116f8000 rw-p 00000000 00:00 0 
7f49116f8000-7f49116f9000 r--p 00000000 00:00 0 
7f49116f9000-7f49118f9000 rw-p 00000000 00:00 0 
7f49118f9000-7f49118fa000 r--s 00005000 08:02 5113994                    /home/owen/android-studio/gradle/m2repository/com/android/tools/dvlib/25.2.1/dvlib-25.2.1.jar
7f49118fa000-7f49118ff000 r--s 00058000 08:02 5113359                    /home/owen/android-studio/gradle/m2repository/org/ow2/asm/asm-debug-all/5.0.1/asm-debug-all-5.0.1.jar
7f49118ff000-7f4911902000 r--s 00033000 08:02 5113645                    /home/owen/android-studio/gradle/m2repository/com/googlecode/juniversalchardet/juniversalchardet/1.0.3/juniversalchardet-1.0.3.jar
7f4911902000-7f4911906000 r--s 0002a000 08:02 5113330                    /home/owen/android-studio/gradle/m2repository/commons-io/commons-io/2.4/commons-io-2.4.jar
7f4911906000-7f4911907000 r--s 00002000 08:02 5113715                    /home/owen/android-studio/gradle/m2repository/com/android/databinding/baseLibrary/2.2.1/baseLibrary-2.2.1.jar
7f4911907000-7f491190e000 r--s 000c3000 08:02 5114075                    /home/owen/android-studio/gradle/m2repository/com/android/tools/lint/lint-checks/25.2.1/lint-checks-25.2.1.jar
7f491190e000-7f4911910000 r--s 00006000 08:02 5113398                    /home/owen/android-studio/gradle/m2repository/org/ow2/asm/asm-tree/5.0.4/asm-tree-5.0.4.jar
7f4911910000-7f4911943000 r--s 00203000 08:02 5113505                    /home/owen/android-studio/gradle/m2repository/org/bouncycastle/bcprov-jdk15on/1.48/bcprov-jdk15on-1.48.jar
7f4911943000-7f4911951000 r--s 00081000 08:02 5113510                    /home/owen/android-studio/gradle/m2repository/org/bouncycastle/bcpkix-jdk15on/1.48/bcpkix-jdk15on-1.48.jar
7f4911951000-7f4911953000 r--s 00002000 08:02 5113653                    /home/owen/android-studio/gradle/m2repository/com/squareup/javawriter/2.5.0/javawriter-2.5.0.jar
7f4911953000-7f4911954000 r--s 00002000 08:02 5114041                    /home/owen/android-studio/gradle/m2repository/com/android/tools/analytics-library/tracker/25.2.1/tracker-25.2.1.jar
7f4911954000-7f4911956000 r--s 00003000 08:02 5114055                    /home/owen/android-studio/gradle/m2repository/com/android/tools/analytics-library/shared/25.2.1/shared-25.2.1.jar
7f4911956000-7f4911963000 r--s 000ed000 08:02 5114048                    /home/owen/android-studio/gradle/m2repository/com/android/tools/analytics-library/protos/25.2.1/protos-25.2.1.jar
7f4911963000-7f4911964000 r--s 00001000 08:02 5113922                    /home/owen/android-studio/gradle/m2repository/com/android/tools/jill/jill-api/0.10.0/jill-api-0.10.0.jar
7f4911964000-7f4911966000 r--s 00003000 08:02 5114137                    /home/owen/android-studio/gradle/m2repository/com/android/tools/jack/jack-api/0.11.0/jack-api-0.11.0.jar
7f4911966000-7f491196b000 r--s 0004a000 08:02 5113965                    /home/owen/android-studio/gradle/m2repository/com/android/tools/ddms/ddmlib/25.2.1/ddmlib-25.2.1.jar
7f491196b000-7f491196e000 r--s 00021000 08:02 5113848                    /home/owen/android-studio/gradle/m2repository/com/android/tools/build/manifest-merger/25.2.1/manifest-merger-25.2.1.jar
7f491196e000-7f4911970000 r--s 0001c000 08:02 5114159                    /home/owen/android-studio/gradle/m2repository/com/android/tools/common/25.2.1/common-25.2.1.jar
7f4911970000-7f4911979000 r--s 00083000 08:02 5113946                    /home/owen/android-studio/gradle/m2repository/com/android/tools/sdk-common/25.2.1/sdk-common-25.2.1.jar
7f4911979000-7f4911984000 r--s 0008e000 08:02 5114129                    /home/owen/android-studio/gradle/m2repository/com/android/tools/sdklib/25.2.1/sdklib-25.2.1.jar
7f4911984000-7f4911985000 r--s 00002000 08:02 5113809                    /home/owen/android-studio/gradle/m2repository/com/android/tools/build/builder-test-api/2.2.1/builder-test-api-2.2.1.jar
7f4911985000-7f4911988000 r--s 00005000 08:02 5113877                    /home/owen/android-studio/gradle/m2repository/com/android/tools/build/builder-model/2.2.1/builder-model-2.2.1.jar
7f4911988000-7f4911990000 r--s 0007b000 08:02 5113685                    /home/owen/android-studio/gradle/m2repository/com/google/protobuf/protobuf-java/2.5.0/protobuf-java-2.5.0.jar
7f4911990000-7f4911992000 r--s 0000f000 08:02 5114166                    /home/owen/android-studio/gradle/m2repository/net/sf/jopt-simple/jopt-simple/4.9/jopt-simple-4.9.jar
7f4911992000-7f4911996000 r--s 0001f000 08:02 5113541                    /home/owen/android-studio/gradle/m2repository/org/jacoco/org.jacoco.report/0.7.5.201505241946/org.jacoco.report-0.7.5.201505241946.jar
7f4911996000-7f491199a000 r--s 0001d000 08:02 5113526                    /home/owen/android-studio/gradle/m2repository/org/jacoco/org.jacoco.core/0.7.5.201505241946/org.jacoco.core-0.7.5.201505241946.jar
7f491199a000-7f491199b000 r--s 00002000 08:02 5114201                    /home/owen/android-studio/gradle/m2repository/net/sf/proguard/proguard-gradle/5.2.1/proguard-gradle-5.2.1.jar
7f491199b000-7f491199d000 r--s 00009000 08:02 5113407                    /home/owen/android-studio/gradle/m2repository/org/ow2/asm/asm-commons/5.0.4/asm-commons-5.0.4.jar
7f491199d000-7f491199f000 r--s 0000c000 08:02 5113430                    /home/owen/android-studio/gradle/m2repository/org/ow2/asm/asm/5.0.4/asm-5.0.4.jar
7f491199f000-7f49119a3000 r--s 0002b000 08:02 5113742                    /home/owen/android-studio/gradle/m2repository/com/android/databinding/compilerCommon/2.2.1/compilerCommon-2.2.1.jar
7f49119a3000-7f49119a4000 r--s 00002000 08:02 5113828                    /home/owen/android-studio/gradle/m2repository/com/android/tools/build/gradle-api/2.2.1/gradle-api-2.2.1.jar
7f49119a4000-7f49119a5000 r--s 00000000 08:02 5113866                    /home/owen/android-studio/gradle/m2repository/com/android/tools/build/transform-api/2.0.0-deprecated-use-gradle-api/transform-api-2.0.0-deprecated-use-gradle-api.jar
7f49119a5000-7f49119aa000 r--s 00053000 08:02 5114092                    /home/owen/android-studio/gradle/m2repository/com/android/tools/lint/lint/25.2.1/lint-25.2.1.jar
7f49119aa000-7f49119c1000 r--s 0015d000 08:02 5113795                    /home/owen/android-studio/gradle/m2repository/com/android/tools/build/builder/2.2.1/builder-2.2.1.jar
7f49119c1000-7f49119dd000 r--s 0019d000 08:02 5113856                    /home/owen/android-studio/gradle/m2repository/com/android/tools/build/gradle-core/2.2.1/gradle-core-2.2.1.jar
7f49119dd000-7f49119df000 r--s 0000d000 08:02 5113892                    /home/owen/android-studio/gradle/m2repository/com/android/tools/build/gradle/2.2.1/gradle-2.2.1.jar
7f49119df000-7f4911bdf000 rw-p 00000000 00:00 0 
7f4911bdf000-7f4911ddf000 rw-p 00000000 00:00 0 
7f4911ddf000-7f4911fdf000 rw-p 00000000 00:00 0 
7f4911fdf000-7f49121df000 rw-p 00000000 00:00 0 
7f49121df000-7f49123df000 rw-p 00000000 00:00 0 
7f49123df000-7f4912457000 r--s 010eb000 08:02 3671964                    /home/owen/android-studio/jre/lib/tools.jar
7f4912457000-7f491245a000 ---p 00000000 00:00 0 
7f491245a000-7f4912558000 rw-p 00000000 00:00 0 
7f4912558000-7f491255b000 ---p 00000000 00:00 0 
7f491255b000-7f4912659000 rw-p 00000000 00:00 0 
7f4912659000-7f491265c000 ---p 00000000 00:00 0 
7f491265c000-7f491275a000 rw-p 00000000 00:00 0 
7f491275a000-7f491275d000 ---p 00000000 00:00 0 
7f491275d000-7f491285b000 rw-p 00000000 00:00 0 
7f491285b000-7f491285e000 ---p 00000000 00:00 0 
7f491285e000-7f491295c000 rw-p 00000000 00:00 0 
7f491295c000-7f491295f000 ---p 00000000 00:00 0 
7f491295f000-7f4912a5d000 rw-p 00000000 00:00 0 
7f4912a5d000-7f4912a60000 ---p 00000000 00:00 0 
7f4912a60000-7f4912d5e000 rw-p 00000000 00:00 0 
7f4912d5e000-7f4912d65000 r--s 00000000 08:02 15996076                   /usr/lib/x86_64-linux-gnu/gconv/gconv-modules.cache
7f4912d65000-7f4912d68000 ---p 00000000 00:00 0 
7f4912d68000-7f4912e66000 rw-p 00000000 00:00 0 
7f4912e66000-7f4912e6f000 r-xp 00000000 08:02 3672100                    /home/owen/android-studio/jre/jre/lib/amd64/libmanagement.so
7f4912e6f000-7f491306e000 ---p 00009000 08:02 3672100                    /home/owen/android-studio/jre/jre/lib/amd64/libmanagement.so
7f491306e000-7f491306f000 r--p 00008000 08:02 3672100                    /home/owen/android-studio/jre/jre/lib/amd64/libmanagement.so
7f491306f000-7f4913070000 rw-p 00009000 08:02 3672100                    /home/owen/android-studio/jre/jre/lib/amd64/libmanagement.so
7f4913070000-7f4913074000 r--s 00097000 08:02 3672074                    /home/owen/android-studio/jre/jre/lib/jsse.jar
7f4913074000-7f4913076000 r--s 00007000 08:02 5113193                    /home/owen/android-studio/gradle/gradle-2.14.1/lib/plugins/gradle-tooling-api-builders-2.14.1.jar
7f4913076000-7f4913079000 r--s 00008000 08:02 5113187                    /home/owen/android-studio/gradle/gradle-2.14.1/lib/plugins/gradle-testing-native-2.14.1.jar
7f4913079000-7f491307b000 r--s 00009000 08:02 5113268                    /home/owen/android-studio/gradle/gradle-2.14.1/lib/plugins/hamcrest-core-1.3.jar
7f491307b000-7f4913081000 r--s 00033000 08:02 5113198                    /home/owen/android-studio/gradle/gradle-2.14.1/lib/plugins/snakeyaml-1.6.jar
7f4913081000-7f4913083000 r--s 00006000 08:02 5113219                    /home/owen/android-studio/gradle/gradle-2.14.1/lib/plugins/jcommander-1.12.jar
7f4913083000-7f4913088000 r--s 00040000 08:02 5113196                    /home/owen/android-studio/gradle/gradle-2.14.1/lib/plugins/bsh-2.0b4.jar
7f4913088000-7f4913091000 r--s 00089000 08:02 5113222                    /home/owen/android-studio/gradle/gradle-2.14.1/lib/plugins/testng-6.3.1.jar
7f4913091000-7f4913099000 r--s 00045000 08:02 5113227                    /home/owen/android-studio/gradle/gradle-2.14.1/lib/plugins/junit-4.12.jar
7f4913099000-7f491309f000 r--s 0002e000 08:02 5113203                    /home/owen/android-studio/gradle/gradle-2.14.1/lib/plugins/gradle-testing-jvm-2.14.1.jar
7f491309f000-7f49130a4000 r--s 00015000 08:02 5113212                    /home/owen/android-studio/gradle/gradle-2.14.1/lib/plugins/gradle-testing-base-2.14.1.jar
7f49130a4000-7f49130a5000 r--s 00002000 08:02 5113225                    /home/owen/android-studio/gradle/gradle-2.14.1/lib/plugins/sonar-batch-bootstrapper-2.9.jar
7f49130a5000-7f49130a8000 r--s 00015000 08:02 5113202                    /home/owen/android-studio/gradle/gradle-2.14.1/lib/plugins/gradle-sonar-2.14.1.jar
7f49130a8000-7f49130af000 r--s 00038000 08:02 5113243                    /home/owen/android-studio/gradle/gradle-2.14.1/lib/plugins/bcpg-jdk15on-1.51.jar
7f49130af000-7f49130b1000 r--s 0000d000 08:02 5113249                    /home/owen/android-studio/gradle/gradle-2.14.1/lib/plugins/gradle-signing-2.14.1.jar
7f49130b1000-7f49130b4000 r--s 00009000 08:02 5113232                    /home/owen/android-studio/gradle/gradle-2.14.1/lib/plugins/gradle-scala-2.14.1.jar
7f49130b4000-7f49130b5000 r--s 00004000 08:02 5113256                    /home/owen/android-studio/gradle/gradle-2.14.1/lib/plugins/gradle-resources-sftp-2.14.1.jar
7f49130b5000-7f49130c5000 r--s 00088000 08:02 5113209                    /home/owen/android-studio/gradle/gradle-2.14.1/lib/plugins/joda-time-2.8.2.jar
7f49130c5000-7f49130d6000 r--s 000cf000 08:02 5113275                    /home/owen/android-studio/gradle/gradle-2.14.1/lib/plugins/jackson-databind-2.3.2.jar
7f49130d6000-7f49130d8000 r--s 00007000 08:02 5113238                    /home/owen/android-studio/gradle/gradle-2.14.1/lib/plugins/jackson-annotations-2.3.2.jar
7f49130d8000-7f49130db000 r--s 0002e000 08:02 5113245                    /home/owen/android-studio/gradle/gradle-2.14.1/lib/plugins/jackson-core-2.3.2.jar
7f49130db000-7f49130e6000 r--s 0006b000 08:02 5113292                    /home/owen/android-studio/gradle/gradle-2.14.1/lib/plugins/aws-java-sdk-core-1.9.19.jar
7f49130e6000-7f49130ec000 r--s 00036000 08:02 5113237                    /home/owen/android-studio/gradle/gradle-2.14.1/lib/plugins/aws-java-sdk-kms-1.9.19.jar
7f49130ec000-7f49130f7000 r--s 00079000 08:02 5113224                    /home/owen/android-studio/gradle/gradle-2.14.1/lib/plugins/aws-java-sdk-s3-1.9.19.jar
7f49130f7000-7f49130f9000 r--s 00005000 08:02 5113266                    /home/owen/android-studio/gradle/gradle-2.14.1/lib/plugins/jatl-0.2.2.jar
7f49130f9000-7f49130fb000 r--s 0000f000 08:02 5113283                    /home/owen/android-studio/gradle/gradle-2.14.1/lib/plugins/gradle-reporting-2.14.1.jar
7f49130fb000-7f49130fd000 r--s 00002000 08:02 5113242                    /home/owen/android-studio/gradle/gradle-2.14.1/lib/plugins/gradle-publish-2.14.1.jar
7f49130fd000-7f49130ff000 r--s 00009000 08:02 5113215                    /home/owen/android-studio/gradle/gradle-2.14.1/lib/plugins/commons-cli-1.2.jar
7f49130ff000-7f4913105000 r--s 00033000 08:02 5113226                    /home/owen/android-studio/gradle/gradle-2.14.1/lib/plugins/gradle-plugins-2.14.1.jar
7f4913105000-7f491310b000 r--s 0002a000 08:02 5113248                    /home/owen/android-studio/gradle/gradle-2.14.1/lib/plugins/gradle-platform-play-2.14.1.jar
7f491310b000-7f4913118000 r--s 0004d000 08:02 5113247                    /home/owen/android-studio/gradle/gradle-2.14.1/lib/plugins/gradle-platform-native-2.14.1.jar
7f4913118000-7f4913139000 r--s 001c3000 08:02 5113194                    /home/owen/android-studio/gradle/gradle-2.14.1/lib/plugins/bndlib-2.4.0.jar
7f4913139000-7f491314f000 r-xp 00000000 08:02 11010601                   /lib/x86_64-linux-gnu/libgcc_s.so.1
7f491314f000-7f491334e000 ---p 00016000 08:02 11010601                   /lib/x86_64-linux-gnu/libgcc_s.so.1
7f491334e000-7f491334f000 rw-p 00015000 08:02 11010601                   /lib/x86_64-linux-gnu/libgcc_s.so.1
7f491334f000-7f49134c1000 r-xp 00000000 08:02 15466905                   /usr/lib/x86_64-linux-gnu/libstdc++.so.6.0.21
7f49134c1000-7f49136c1000 ---p 00172000 08:02 15466905                   /usr/lib/x86_64-linux-gnu/libstdc++.so.6.0.21
7f49136c1000-7f49136cb000 r--p 00172000 08:02 15466905                   /usr/lib/x86_64-linux-gnu/libstdc++.so.6.0.21
7f49136cb000-7f49136cd000 rw-p 0017c000 08:02 15466905                   /usr/lib/x86_64-linux-gnu/libstdc++.so.6.0.21
7f49136cd000-7f49136d1000 rw-p 00000000 00:00 0 
7f49136d1000-7f49136d5000 r-xp 00000000 08:02 25298857                   /root/.gradle/native/19/linux-amd64/libnative-platform.so
7f49136d5000-7f49138d4000 ---p 00004000 08:02 25298857                   /root/.gradle/native/19/linux-amd64/libnative-platform.so
7f49138d4000-7f49138d5000 rw-p 00003000 08:02 25298857                   /root/.gradle/native/19/linux-amd64/libnative-platform.so
7f49138d5000-7f49138e6000 r-xp 00000000 08:02 3672088                    /home/owen/android-studio/jre/jre/lib/amd64/libnio.so
7f49138e6000-7f4913ae5000 ---p 00011000 08:02 3672088                    /home/owen/android-studio/jre/jre/lib/amd64/libnio.so
7f4913ae5000-7f4913ae6000 r--p 00010000 08:02 3672088                    /home/owen/android-studio/jre/jre/lib/amd64/libnio.so
7f4913ae6000-7f4913ae7000 rw-p 00011000 08:02 3672088                    /home/owen/android-studio/jre/jre/lib/amd64/libnio.so
7f4913ae7000-7f4913de8000 rw-p 00000000 00:00 0 
7f4913de8000-7f4913dff000 r-xp 00000000 08:02 3672086                    /home/owen/android-studio/jre/jre/lib/amd64/libnet.so
7f4913dff000-7f4913ffe000 ---p 00017000 08:02 3672086                    /home/owen/android-studio/jre/jre/lib/amd64/libnet.so
7f4913ffe000-7f4913fff000 r--p 00016000 08:02 3672086                    /home/owen/android-studio/jre/jre/lib/amd64/libnet.so
7f4913fff000-7f4914000000 rw-p 00017000 08:02 3672086                    /home/owen/android-studio/jre/jre/lib/amd64/libnet.so
7f4914000000-7f49150f0000 rw-p 00000000 00:00 0 
7f49150f0000-7f4918000000 ---p 00000000 00:00 0 
7f4918000000-7f4918021000 rw-p 00000000 00:00 0 
7f4918021000-7f491c000000 ---p 00000000 00:00 0 
7f491c000000-7f491c021000 rw-p 00000000 00:00 0 
7f491c021000-7f4920000000 ---p 00000000 00:00 0 
7f4920000000-7f4921fcc000 rw-p 00000000 00:00 0 
7f4921fcc000-7f4924000000 ---p 00000000 00:00 0 
7f4924000000-7f4924021000 rw-p 00000000 00:00 0 
7f4924021000-7f4928000000 ---p 00000000 00:00 0 
7f4928000000-7f492829b000 rw-p 00000000 00:00 0 
7f492829b000-7f492c000000 ---p 00000000 00:00 0 
7f492c000000-7f492c049000 rw-p 00000000 00:00 0 
7f492c049000-7f4930000000 ---p 00000000 00:00 0 
7f4930000000-7f4930053000 rw-p 00000000 00:00 0 
7f4930053000-7f4934000000 ---p 00000000 00:00 0 
7f4934000000-7f4934059000 rw-p 00000000 00:00 0 
7f4934059000-7f4938000000 ---p 00000000 00:00 0 
7f4938000000-7f4938001000 r--s 00003000 08:02 5113271                    /home/owen/android-studio/gradle/gradle-2.14.1/lib/plugins/gradle-resources-s3-2.14.1.jar
7f4938001000-7f4938003000 r--s 00007000 08:02 5113190                    /home/owen/android-studio/gradle/gradle-2.14.1/lib/plugins/gradle-plugin-development-2.14.1.jar
7f4938003000-7f4938007000 r--s 0001a000 08:02 5113269                    /home/owen/android-studio/gradle/gradle-2.14.1/lib/plugins/gradle-platform-jvm-2.14.1.jar
7f4938007000-7f493800e000 r--s 00029000 08:02 5113218                    /home/owen/android-studio/gradle/gradle-2.14.1/lib/plugins/gradle-platform-base-2.14.1.jar
7f493800e000-7f4938010000 r--s 00003000 08:02 5113274                    /home/owen/android-studio/gradle/gradle-2.14.1/lib/plugins/gradle-osgi-2.14.1.jar
7f4938010000-7f4938013000 r--s 0000c000 08:02 5113278                    /home/owen/android-studio/gradle/gradle-2.14.1/lib/plugins/pmaven-groovy-0.8-20100325.jar
7f4938013000-7f4938014000 r--s 00004000 08:02 5113264                    /home/owen/android-studio/gradle/gradle-2.14.1/lib/plugins/pmaven-common-0.8-20100325.jar
7f4938014000-7f493801a000 r--s 00022000 08:02 5113217                    /home/owen/android-studio/gradle/gradle-2.14.1/lib/plugins/gradle-maven-2.14.1.jar
7f493801a000-7f493801c000 r--s 0000a000 08:02 5113199                    /home/owen/android-studio/gradle/gradle-2.14.1/lib/plugins/gradle-language-scala-2.14.1.jar
7f493801c000-7f4938022000 r--s 0001a000 08:02 5113204                    /home/owen/android-studio/gradle/gradle-2.14.1/lib/plugins/gradle-language-native-2.14.1.jar
7f4938022000-7f4938024000 r--s 00008000 08:02 5113192                    /home/owen/android-studio/gradle/gradle-2.14.1/lib/plugins/gradle-language-jvm-2.14.1.jar
7f4938024000-7f493802a000 r--s 00024000 08:02 5113265                    /home/owen/android-studio/gradle/gradle-2.14.1/lib/plugins/gradle-language-java-2.14.1.jar
7f493802a000-7f493802c000 r--s 0000a000 08:02 5113246                    /home/owen/android-studio/gradle/gradle-2.14.1/lib/plugins/gradle-language-groovy-2.14.1.jar
7f493802c000-7f493802f000 r--s 0001e000 08:02 5113186                    /home/owen/android-studio/gradle/gradle-2.14.1/lib/plugins/jsp-api-2.1-6.1.14.jar
7f493802f000-7f4938052000 r--s 00344000 08:02 5113239                    /home/owen/android-studio/gradle/gradle-2.14.1/lib/plugins/core-3.1.1.jar
7f4938052000-7f4938053000 r--s 00006000 08:02 5113276                    /home/owen/android-studio/gradle/gradle-2.14.1/lib/plugins/jetty-naming-6.1.25.jar
7f4938053000-7f4938054000 r--s 00002000 08:02 5113234                    /home/owen/android-studio/gradle/gradle-2.14.1/lib/plugins/geronimo-annotation_1.0_spec-1.0.jar
7f4938054000-7f4938056000 r--s 00002000 08:02 5113272                    /home/owen/android-studio/gradle/gradle-2.14.1/lib/plugins/jetty-annotations-6.1.25.jar
7f4938056000-7f4938067000 r--s 000ea000 08:02 5113285                    /home/owen/android-studio/gradle/gradle-2.14.1/lib/plugins/jsp-2.1-6.1.14.jar
7f4938067000-7f4938069000 r--s 0000d000 08:02 5113240                    /home/owen/android-studio/gradle/gradle-2.14.1/lib/plugins/jetty-plus-6.1.25.jar
7f4938069000-7f493806b000 r--s 0001f000 08:02 5113299                    /home/owen/android-studio/gradle/gradle-2.14.1/lib/plugins/servlet-api-2.5-20081211.jar
7f493806b000-7f493806f000 r--s 00028000 08:02 5113220                    /home/owen/android-studio/gradle/gradle-2.14.1/lib/plugins/jetty-util-6.1.25.jar
7f493806f000-7f4938076000 r--s 0007d000 08:02 5113228                    /home/owen/android-studio/gradle/gradle-2.14.1/lib/plugins/jetty-6.1.25.jar
7f4938076000-7f4938078000 r--s 00009000 08:02 5113281                    /home/owen/android-studio/gradle/gradle-2.14.1/lib/plugins/gradle-jetty-2.14.1.jar
7f4938078000-7f493807f000 r--s 00035000 08:02 5113295                    /home/owen/android-studio/gradle/gradle-2.14.1/lib/plugins/simple-4.1.21.jar
7f493807f000-7f493808b000 r--s 00100000 08:02 5113210                    /home/owen/android-studio/gradle/gradle-2.14.1/lib/plugins/rhino-1.7R3.jar
7f493808b000-7f493808f000 r--s 00011000 08:02 5113263                    /home/owen/android-studio/gradle/gradle-2.14.1/lib/plugins/gradle-javascript-2.14.1.jar
7f493808f000-7f4938091000 r--s 0000c000 08:02 5113297                    /home/owen/android-studio/gradle/gradle-2.14.1/lib/plugins/gradle-jacoco-2.14.1.jar
7f4938091000-7f4938094000 r--s 0000e000 08:02 5113294                    /home/owen/android-studio/gradle/gradle-2.14.1/lib/plugins/gradle-ivy-2.14.1.jar
7f4938094000-7f4938095000 r--s 00002000 08:02 5113286                    /home/owen/android-studio/gradle/gradle-2.14.1/lib/plugins/gradle-ide-play-2.14.1.jar
7f4938095000-7f493809a000 r--s 0002b000 08:02 5113282                    /home/owen/android-studio/gradle/gradle-2.14.1/lib/plugins/gradle-ide-native-2.14.1.jar
7f493809a000-7f49380a5000 r--s 00066000 08:02 5113200                    /home/owen/android-studio/gradle/gradle-2.14.1/lib/plugins/gradle-ide-2.14.1.jar
7f49380a5000-7f49380a6000 r--s 00008000 08:02 5113197                    /home/owen/android-studio/gradle/gradle-2.14.1/lib/plugins/gradle-ear-2.14.1.jar
7f49380a6000-7f49380ac000 r--s 00032000 08:02 5113208                    /home/owen/android-studio/gradle/gradle-2.14.1/lib/plugins/gradle-diagnostics-2.14.1.jar
7f49380ac000-7f49380b0000 r--s 00021000 08:02 5113284                    /home/owen/android-studio/gradle/gradle-2.14.1/lib/plugins/gradle-code-quality-2.14.1.jar
7f49380b0000-7f49380b4000 r--s 0001f000 08:02 5113207                    /home/owen/android-studio/gradle/gradle-2.14.1/lib/plugins/gradle-build-init-2.14.1.jar
7f49380b4000-7f49380bb000 r--s 0008e000 08:02 5113291                    /home/owen/android-studio/gradle/gradle-2.14.1/lib/plugins/gradle-build-comparison-2.14.1.jar
7f49380bb000-7f49380bd000 r--s 00008000 08:02 5113267                    /home/owen/android-studio/gradle/gradle-2.14.1/lib/plugins/gradle-antlr-2.14.1.jar
7f49380bd000-7f49380bf000 r--s 00004000 08:02 5113293                    /home/owen/android-studio/gradle/gradle-2.14.1/lib/plugins/gradle-announce-2.14.1.jar
7f49380bf000-7f49380d7000 r--s 00115000 08:02 5113231                    /home/owen/android-studio/gradle/gradle-2.14.1/lib/plugins/xercesImpl-2.9.1.jar
7f49380d7000-7f49380df000 r--s 00028000 08:02 5113259                    /home/owen/android-studio/gradle/gradle-2.14.1/lib/plugins/xml-apis-1.3.04.jar
7f49380df000-7f49380e5000 r--s 0005b000 08:02 5113250                    /home/owen/android-studio/gradle/gradle-2.14.1/lib/plugins/jcifs-1.3.17.jar
7f49380e5000-7f49380ec000 r--s 00049000 08:02 5113261                    /home/owen/android-studio/gradle/gradle-2.14.1/lib/plugins/httpcore-4.4.4.jar
7f49380ec000-7f49380f2000 r--s 00033000 08:02 5113206                    /home/owen/android-studio/gradle/gradle-2.14.1/lib/plugins/commons-codec-1.6.jar
7f49380f2000-7f49380f5000 r--s 0001c000 08:02 5113201                    /home/owen/android-studio/gradle/gradle-2.14.1/lib/plugins/nekohtml-1.9.14.jar
7f49380f5000-7f4938102000 r--s 000a4000 08:02 5113279                    /home/owen/android-studio/gradle/gradle-2.14.1/lib/plugins/httpclient-4.4.1.jar
7f4938102000-7f4938104000 r--s 0000a000 08:02 5113188                    /home/owen/android-studio/gradle/gradle-2.14.1/lib/plugins/gradle-resources-http-2.14.1.jar
7f4938104000-7f4938108000 r--s 00014000 08:02 5113253                    /home/owen/android-studio/gradle/gradle-2.14.1/lib/plugins/gradle-plugin-use-2.14.1.jar
7f4938108000-7f4938109000 r--s 00000000 08:02 5113144                    /home/owen/android-studio/gradle/gradle-2.14.1/lib/gradle-installation-beacon-2.14.1.jar
7f4938109000-7f493810a000 r--s 00007000 08:02 5113216                    /home/owen/android-studio/gradle/gradle-2.14.1/lib/plugins/wagon-http-shared4-2.4.jar
7f493810a000-7f493810e000 r--s 00033000 08:02 5113270                    /home/owen/android-studio/gradle/gradle-2.14.1/lib/plugins/plexus-utils-2.0.6.jar
7f493810e000-7f4938112000 r--s 00021000 08:02 5113252                    /home/owen/android-studio/gradle/gradle-2.14.1/lib/plugins/maven-model-builder-3.0.4.jar
7f4938112000-7f4938113000 r--s 00002000 08:02 5113205                    /home/owen/android-studio/gradle/gradle-2.14.1/lib/plugins/wagon-file-2.4.jar
7f4938113000-7f4938115000 r--s 00002000 08:02 5113262                    /home/owen/android-studio/gradle/gradle-2.14.1/lib/plugins/plexus-cipher-1.7.jar
7f4938115000-7f4938118000 r--s 00013000 08:02 5113298                    /home/owen/android-studio/gradle/gradle-2.14.1/lib/plugins/aether-api-1.13.1.jar
7f4938118000-7f493811a000 r--s 0000a000 08:02 5113221                    /home/owen/android-studio/gradle/gradle-2.14.1/lib/plugins/maven-settings-3.0.4.jar
7f493811a000-7f493811c000 r--s 0000d000 08:02 5113254                    /home/owen/android-studio/gradle/gradle-2.14.1/lib/plugins/plexus-interpolation-1.14.jar
7f493811c000-7f493811e000 r--s 0000b000 08:02 5113277                    /home/owen/android-studio/gradle/gradle-2.14.1/lib/plugins/maven-artifact-3.0.4.jar
7f493811e000-7f4938125000 r--s 0002e000 08:02 5113213                    /home/owen/android-studio/gradle/gradle-2.14.1/lib/plugins/plexus-container-default-1.5.5.jar
7f4938125000-7f4938127000 r--s 0000b000 08:02 5113241                    /home/owen/android-studio/gradle/gradle-2.14.1/lib/plugins/maven-plugin-api-3.0.4.jar
7f4938127000-7f4938129000 r--s 00000000 08:02 5113244                    /home/owen/android-studio/gradle/gradle-2.14.1/lib/plugins/plexus-component-annotations-1.5.5.jar
7f4938129000-7f493812f000 r--s 0003f000 08:02 5113255                    /home/owen/android-studio/gradle/gradle-2.14.1/lib/plugins/maven-compat-3.0.4.jar
7f493812f000-7f4938132000 r--s 00008000 08:02 5113229                    /home/owen/android-studio/gradle/gradle-2.14.1/lib/plugins/maven-settings-builder-3.0.4.jar
7f4938132000-7f4938133000 r--s 00002000 08:02 5113185                    /home/owen/android-studio/gradle/gradle-2.14.1/lib/plugins/wagon-http-2.4.jar
7f4938133000-7f4938135000 r--s 00026000 08:02 5113296                    /home/owen/android-studio/gradle/gradle-2.14.1/lib/plugins/maven-model-3.0.4.jar
7f4938135000-7f4938137000 r--s 00006000 08:02 5113273                    /home/owen/android-studio/gradle/gradle-2.14.1/lib/plugins/aether-connector-wagon-1.13.1.jar
7f4938137000-7f4938139000 r--s 0000a000 08:02 5113214                    /home/owen/android-studio/gradle/gradle-2.14.1/lib/plugins/plexus-classworlds-2.4.jar
7f4938139000-7f493813b000 r--s 00006000 08:02 5113257                    /home/owen/android-studio/gradle/gradle-2.14.1/lib/plugins/maven-repository-metadata-3.0.4.jar
7f493813b000-7f493813d000 r--s 0000c000 08:02 5113233                    /home/owen/android-studio/gradle/gradle-2.14.1/lib/plugins/maven-aether-provider-3.0.4.jar
7f493813d000-7f493813f000 r--s 0000b000 08:02 5113223                    /home/owen/android-studio/gradle/gradle-2.14.1/lib/plugins/wagon-provider-api-2.4.jar
7f493813f000-7f4938140000 r--s 00003000 08:02 5113189                    /home/owen/android-studio/gradle/gradle-2.14.1/lib/plugins/aether-spi-1.13.1.jar
7f4938140000-7f4938144000 r--s 0001c000 08:02 5113287                    /home/owen/android-studio/gradle/gradle-2.14.1/lib/plugins/aether-util-1.13.1.jar
7f4938144000-7f4938147000 r--s 0001d000 08:02 5113251                    /home/owen/android-studio/gradle/gradle-2.14.1/lib/plugins/aether-impl-1.13.1.jar
7f4938147000-7f4938148000 r--s 00006000 08:02 5113258                    /home/owen/android-studio/gradle/gradle-2.14.1/lib/plugins/plexus-sec-dispatcher-1.3.jar
7f4938148000-7f493814d000 r--s 00040000 08:02 5113191                    /home/owen/android-studio/gradle/gradle-2.14.1/lib/plugins/jsch-0.1.53.jar
7f493814d000-7f493818d000 r--s 00277000 08:02 5113195                    /home/owen/android-studio/gradle/gradle-2.14.1/lib/plugins/bcprov-jdk15on-1.51.jar
7f493818d000-7f4938191000 r--s 0001d000 08:02 5113236                    /home/owen/android-studio/gradle/gradle-2.14.1/lib/plugins/xbean-reflect-3.4.jar
7f4938191000-7f493819d000 r--s 0007d000 08:02 5113260                    /home/owen/android-studio/gradle/gradle-2.14.1/lib/plugins/maven-core-3.0.4.jar
7f493819d000-7f49381a2000 r--s 0002a000 08:02 5113230                    /home/owen/android-studio/gradle/gradle-2.14.1/lib/plugins/gson-2.2.4.jar
7f49381a2000-7f49381b1000 r--s 000d9000 08:02 5113211                    /home/owen/android-studio/gradle/gradle-2.14.1/lib/plugins/ivy-2.2.0.jar
7f49381b1000-7f49381cd000 r--s 000d3000 08:02 5113235                    /home/owen/android-studio/gradle/gradle-2.14.1/lib/plugins/gradle-dependency-management-2.14.1.jar
7f49381cd000-7f49381d7000 r--s 00116000 08:02 3672044                    /home/owen/android-studio/jre/jre/lib/ext/localedata.jar
7f49381d7000-7f49381d9000 r--s 00005000 08:02 5113154                    /home/owen/android-studio/gradle/gradle-2.14.1/lib/gradle-wrapper-2.14.1.jar
7f49381d9000-7f49381e7000 r--s 0004f000 08:02 5113139                    /home/owen/android-studio/gradle/gradle-2.14.1/lib/gradle-tooling-api-2.14.1.jar
7f49381e7000-7f49381e9000 r--s 00002000 08:02 5113143                    /home/owen/android-studio/gradle/gradle-2.14.1/lib/gradle-open-api-2.14.1.jar
7f49381e9000-7f49381ef000 r--s 00032000 08:02 5113177                    /home/owen/android-studio/gradle/gradle-2.14.1/lib/jaxen-1.1.jar
7f49381ef000-7f49381f4000 r--s 00048000 08:02 5113142                    /home/owen/android-studio/gradle/gradle-2.14.1/lib/dom4j-1.6.1.jar
7f49381f4000-7f49381ff000 r--s 00059000 08:02 5113171                    /home/owen/android-studio/gradle/gradle-2.14.1/lib/gradle-ui-2.14.1.jar
7f49381ff000-7f4938202000 r--s 0000b000 08:02 5113300                    /home/owen/android-studio/gradle/gradle-2.14.1/lib/gradle-resources-2.14.1.jar
7f4938202000-7f4938204000 r--s 00003000 08:02 5113180                    /home/owen/android-studio/gradle/gradle-2.14.1/lib/jcl-over-slf4j-1.7.10.jar
7f4938204000-7f4938205000 r--s 00005000 08:02 5113174                    /home/owen/android-studio/gradle/gradle-2.14.1/lib/log4j-over-slf4j-1.7.10.jar
7f4938205000-7f4938207000 r--s 00000000 08:02 5113301                    /home/owen/android-studio/gradle/gradle-2.14.1/lib/jul-to-slf4j-1.7.10.jar
7f4938207000-7f493820c000 r--s 0001c000 08:02 5113152                    /home/owen/android-studio/gradle/gradle-2.14.1/lib/gradle-logging-2.14.1.jar
7f493820c000-7f493820e000 r--s 00007000 08:02 5113183                    /home/owen/android-studio/gradle/gradle-2.14.1/lib/objenesis-1.2.jar
7f493820e000-7f4938210000 r--s 00000000 08:02 5113147                    /home/owen/android-studio/gradle/gradle-2.14.1/lib/minlog-1.2.jar
7f4938210000-7f4938212000 r--s 0000f000 08:02 5113158                    /home/owen/android-studio/gradle/gradle-2.14.1/lib/reflectasm-1.07-shaded.jar
7f4938212000-7f4938216000 r--s 00026000 08:02 5113172                    /home/owen/android-studio/gradle/gradle-2.14.1/lib/kryo-2.20.jar
7f4938216000-7f493821c000 r--s 00025000 08:02 5113141                    /home/owen/android-studio/gradle/gradle-2.14.1/lib/gradle-messaging-2.14.1.jar
7f493821c000-7f493821d000 r--s 00003000 08:02 5113179                    /home/owen/android-studio/gradle/gradle-2.14.1/lib/native-platform-freebsd-amd64-0.10.jar
7f493821d000-7f493821e000 r--s 00003000 08:02 5113161                    /home/owen/android-studio/gradle/gradle-2.14.1/lib/native-platform-freebsd-i386-0.10.jar
7f493821e000-7f493821f000 r--s 00005000 08:02 5113149                    /home/owen/android-studio/gradle/gradle-2.14.1/lib/native-platform-windows-i386-0.10.jar
7f493821f000-7f4938220000 r--s 00005000 08:02 5113148                    /home/owen/android-studio/gradle/gradle-2.14.1/lib/native-platform-windows-amd64-0.10.jar
7f4938220000-7f4938221000 r--s 00003000 08:02 5113162                    /home/owen/android-studio/gradle/gradle-2.14.1/lib/native-platform-linux-i386-0.10.jar
7f4938221000-7f4938222000 r--s 00003000 08:02 5113146                    /home/owen/android-studio/gradle/gradle-2.14.1/lib/native-platform-linux-amd64-0.10.jar
7f4938222000-7f4938223000 r--s 00002000 08:02 5113145                    /home/owen/android-studio/gradle/gradle-2.14.1/lib/native-platform-osx-amd64-0.10.jar
7f4938223000-7f4938224000 r--s 00002000 08:02 5113175                    /home/owen/android-studio/gradle/gradle-2.14.1/lib/native-platform-osx-i386-0.10.jar
7f4938224000-7f4938226000 r--s 00008000 08:02 5113176                    /home/owen/android-studio/gradle/gradle-2.14.1/lib/jansi-1.2.1.jar
7f4938226000-7f4938229000 r--s 0000d000 08:02 5113170                    /home/owen/android-studio/gradle/gradle-2.14.1/lib/native-platform-0.10.jar
7f4938229000-7f493822d000 r--s 000e4000 08:02 5113169                    /home/owen/android-studio/gradle/gradle-2.14.1/lib/jna-3.2.7.jar
7f493822d000-7f493822f000 r--s 00009000 08:02 5113181                    /home/owen/android-studio/gradle/gradle-2.14.1/lib/gradle-native-2.14.1.jar
7f493822f000-7f4938231000 r--s 00005000 08:02 5113182                    /home/owen/android-studio/gradle/gradle-2.14.1/lib/gradle-cli-2.14.1.jar
7f4938231000-7f4938233000 r--s 00007000 08:02 5113151                    /home/owen/android-studio/gradle/gradle-2.14.1/lib/gradle-model-groovy-2.14.1.jar
7f4938233000-7f4938234000 r--s 00006000 08:02 5113166                    /home/owen/android-studio/gradle/gradle-2.14.1/lib/gradle-base-services-groovy-2.14.1.jar
7f4938234000-7f4938243000 r--s 00080000 08:02 5113167                    /home/owen/android-studio/gradle/gradle-2.14.1/lib/gradle-model-core-2.14.1.jar
7f4938243000-7f4938244000 r--s 00002000 08:02 5113159                    /home/owen/android-studio/gradle/gradle-2.14.1/lib/gradle-docs-2.14.1.jar
7f4938244000-7f4938245000 r--s 00000000 08:02 5113303                    /home/owen/android-studio/gradle/gradle-2.14.1/lib/javax.inject-1.jar
7f4938245000-7f4938246000 r--s 00000000 08:02 5113157                    /home/owen/android-studio/gradle/gradle-2.14.1/lib/jcip-annotations-1.0.jar
7f4938246000-7f4938253000 r--s 00083000 08:02 5113302                    /home/owen/android-studio/gradle/gradle-2.14.1/lib/commons-collections-3.2.2.jar
7f4938253000-7f4938258000 r--s 00038000 08:02 5113163                    /home/owen/android-studio/gradle/gradle-2.14.1/lib/asm-all-5.1.jar
7f4938258000-7f49382c7000 r--s 0063e000 08:02 5113304                    /home/owen/android-studio/gradle/gradle-2.14.1/lib/groovy-all-2.4.4.jar
7f49382c7000-7f49382ef000 r--s 001cf000 08:02 5113155                    /home/owen/android-studio/gradle/gradle-2.14.1/lib/guava-jdk5-17.0.jar
7f49382ef000-7f493830e000 r--s 001d1000 08:02 5113153                    /home/owen/android-studio/gradle/gradle-2.14.1/lib/ant-1.9.6.jar
7f493830e000-7f4938345000 r--s 001bd000 08:02 5113156                    /home/owen/android-studio/gradle/gradle-2.14.1/lib/gradle-core-2.14.1.jar
7f4938345000-7f4938346000 ---p 00000000 00:00 0 
7f4938346000-7f4938446000 rw-p 00000000 00:00 0 
7f4938446000-7f4938449000 ---p 00000000 00:00 0 
7f4938449000-7f4938547000 rw-p 00000000 00:00 0 
7f4938547000-7f493854a000 ---p 00000000 00:00 0 
7f493854a000-7f4938648000 rw-p 00000000 00:00 0 
7f4938648000-7f493864b000 ---p 00000000 00:00 0 
7f493864b000-7f4938749000 rw-p 00000000 00:00 0 
7f4938749000-7f493874c000 ---p 00000000 00:00 0 
7f493874c000-7f493884a000 rw-p 00000000 00:00 0 
7f493884a000-7f4938cd4000 r--p 00000000 08:02 15469225                   /usr/lib/locale/locale-archive
7f4938cd4000-7f4938cd7000 ---p 00000000 00:00 0 
7f4938cd7000-7f4938dd5000 rw-p 00000000 00:00 0 
7f4938dd5000-7f4938dd8000 ---p 00000000 00:00 0 
7f4938dd8000-7f4938ed6000 rw-p 00000000 00:00 0 
7f4938ed6000-7f4938ed7000 ---p 00000000 00:00 0 
7f4938ed7000-7f493d000000 rw-p 00000000 00:00 0 
7f493d000000-7f493e3d0000 rwxp 00000000 00:00 0 
7f493e3d0000-7f494c000000 ---p 00000000 00:00 0 
7f494c000000-7f494cb48000 rw-p 00000000 00:00 0 
7f494cb48000-7f4950000000 ---p 00000000 00:00 0 
7f4950000000-7f4950004000 r--s 00027000 08:02 5113173                    /home/owen/android-studio/gradle/gradle-2.14.1/lib/commons-io-2.2.jar
7f4950004000-7f4950005000 r--s 00001000 08:02 5113178                    /home/owen/android-studio/gradle/gradle-2.14.1/lib/gradle-process-services-2.14.1.jar
7f4950005000-7f495000a000 r--s 00041000 08:02 5113165                    /home/owen/android-studio/gradle/gradle-2.14.1/lib/commons-lang-2.6.jar
7f495000a000-7f4950015000 r--s 00051000 08:02 5113160                    /home/owen/android-studio/gradle/gradle-2.14.1/lib/gradle-launcher-2.14.1.jar
7f4950015000-7f4950163000 rw-p 00000000 00:00 0 
7f4950163000-7f4950330000 r--s 03bec000 08:02 3672056                    /home/owen/android-studio/jre/jre/lib/rt.jar
7f4950330000-7f49506a6000 rw-p 00000000 00:00 0 
7f49506a6000-7f49506a7000 ---p 00000000 00:00 0 
7f49506a7000-7f49507a7000 rw-p 00000000 00:00 0 
7f49507a7000-7f49507a8000 ---p 00000000 00:00 0 
7f49507a8000-7f49508ef000 rw-p 00000000 00:00 0 
7f49508ef000-7f4950aa8000 ---p 00000000 00:00 0 
7f4950aa8000-7f4950aef000 rw-p 00000000 00:00 0 
7f4950aef000-7f4950ca8000 ---p 00000000 00:00 0 
7f4950ca8000-7f4950d14000 rw-p 00000000 00:00 0 
7f4950d14000-7f4950da8000 ---p 00000000 00:00 0 
7f4950da8000-7f4950df9000 rw-p 00000000 00:00 0 
7f4950df9000-7f4951169000 ---p 00000000 00:00 0 
7f4951169000-7f4951183000 r-xp 00000000 08:02 3672083                    /home/owen/android-studio/jre/jre/lib/amd64/libzip.so
7f4951183000-7f4951383000 ---p 0001a000 08:02 3672083                    /home/owen/android-studio/jre/jre/lib/amd64/libzip.so
7f4951383000-7f4951384000 r--p 0001a000 08:02 3672083                    /home/owen/android-studio/jre/jre/lib/amd64/libzip.so
7f4951384000-7f4951385000 rw-p 0001b000 08:02 3672083                    /home/owen/android-studio/jre/jre/lib/amd64/libzip.so
7f4951385000-7f4951390000 r-xp 00000000 08:02 11010245                   /lib/x86_64-linux-gnu/libnss_files-2.23.so
7f4951390000-7f495158f000 ---p 0000b000 08:02 11010245                   /lib/x86_64-linux-gnu/libnss_files-2.23.so
7f495158f000-7f4951590000 r--p 0000a000 08:02 11010245                   /lib/x86_64-linux-gnu/libnss_files-2.23.so
7f4951590000-7f4951591000 rw-p 0000b000 08:02 11010245                   /lib/x86_64-linux-gnu/libnss_files-2.23.so
7f4951591000-7f4951597000 rw-p 00000000 00:00 0 
7f4951597000-7f49515a2000 r-xp 00000000 08:02 11010242                   /lib/x86_64-linux-gnu/libnss_nis-2.23.so
7f49515a2000-7f49517a1000 ---p 0000b000 08:02 11010242                   /lib/x86_64-linux-gnu/libnss_nis-2.23.so
7f49517a1000-7f49517a2000 r--p 0000a000 08:02 11010242                   /lib/x86_64-linux-gnu/libnss_nis-2.23.so
7f49517a2000-7f49517a3000 rw-p 0000b000 08:02 11010242                   /lib/x86_64-linux-gnu/libnss_nis-2.23.so
7f49517a3000-7f49517b9000 r-xp 00000000 08:02 11010240                   /lib/x86_64-linux-gnu/libnsl-2.23.so
7f49517b9000-7f49519b8000 ---p 00016000 08:02 11010240                   /lib/x86_64-linux-gnu/libnsl-2.23.so
7f49519b8000-7f49519b9000 r--p 00015000 08:02 11010240                   /lib/x86_64-linux-gnu/libnsl-2.23.so
7f49519b9000-7f49519ba000 rw-p 00016000 08:02 11010240                   /lib/x86_64-linux-gnu/libnsl-2.23.so
7f49519ba000-7f49519bc000 rw-p 00000000 00:00 0 
7f49519bc000-7f49519c4000 r-xp 00000000 08:02 11010238                   /lib/x86_64-linux-gnu/libnss_compat-2.23.so
7f49519c4000-7f4951bc3000 ---p 00008000 08:02 11010238                   /lib/x86_64-linux-gnu/libnss_compat-2.23.so
7f4951bc3000-7f4951bc4000 r--p 00007000 08:02 11010238                   /lib/x86_64-linux-gnu/libnss_compat-2.23.so
7f4951bc4000-7f4951bc5000 rw-p 00008000 08:02 11010238                   /lib/x86_64-linux-gnu/libnss_compat-2.23.so
7f4951bc5000-7f4951bf2000 r-xp 00000000 08:02 3672093                    /home/owen/android-studio/jre/jre/lib/amd64/libjava.so
7f4951bf2000-7f4951df1000 ---p 0002d000 08:02 3672093                    /home/owen/android-studio/jre/jre/lib/amd64/libjava.so
7f4951df1000-7f4951df2000 r--p 0002c000 08:02 3672093                    /home/owen/android-studio/jre/jre/lib/amd64/libjava.so
7f4951df2000-7f4951df4000 rw-p 0002d000 08:02 3672093                    /home/owen/android-studio/jre/jre/lib/amd64/libjava.so
7f4951df4000-7f4951e04000 r-xp 00000000 08:02 3672109                    /home/owen/android-studio/jre/jre/lib/amd64/libverify.so
7f4951e04000-7f4952003000 ---p 00010000 08:02 3672109                    /home/owen/android-studio/jre/jre/lib/amd64/libverify.so
7f4952003000-7f4952005000 r--p 0000f000 08:02 3672109                    /home/owen/android-studio/jre/jre/lib/amd64/libverify.so
7f4952005000-7f4952006000 rw-p 00011000 08:02 3672109                    /home/owen/android-studio/jre/jre/lib/amd64/libverify.so
7f4952006000-7f495200d000 r-xp 00000000 08:02 11010254                   /lib/x86_64-linux-gnu/librt-2.23.so
7f495200d000-7f495220c000 ---p 00007000 08:02 11010254                   /lib/x86_64-linux-gnu/librt-2.23.so
7f495220c000-7f495220d000 r--p 00006000 08:02 11010254                   /lib/x86_64-linux-gnu/librt-2.23.so
7f495220d000-7f495220e000 rw-p 00007000 08:02 11010254                   /lib/x86_64-linux-gnu/librt-2.23.so
7f495220e000-7f4952316000 r-xp 00000000 08:02 11010251                   /lib/x86_64-linux-gnu/libm-2.23.so
7f4952316000-7f4952515000 ---p 00108000 08:02 11010251                   /lib/x86_64-linux-gnu/libm-2.23.so
7f4952515000-7f4952516000 r--p 00107000 08:02 11010251                   /lib/x86_64-linux-gnu/libm-2.23.so
7f4952516000-7f4952517000 rw-p 00108000 08:02 11010251                   /lib/x86_64-linux-gnu/libm-2.23.so
7f4952517000-7f49530fd000 r-xp 00000000 08:02 3672113                    /home/owen/android-studio/jre/jre/lib/amd64/server/libjvm.so
7f49530fd000-7f49532fd000 ---p 00be6000 08:02 3672113                    /home/owen/android-studio/jre/jre/lib/amd64/server/libjvm.so
7f49532fd000-7f495339c000 r--p 00be6000 08:02 3672113                    /home/owen/android-studio/jre/jre/lib/amd64/server/libjvm.so
7f495339c000-7f49533c5000 rw-p 00c85000 08:02 3672113                    /home/owen/android-studio/jre/jre/lib/amd64/server/libjvm.so
7f49533c5000-7f4953407000 rw-p 00000000 00:00 0 
7f4953407000-7f495341f000 r-xp 00000000 08:02 11010258                   /lib/x86_64-linux-gnu/libpthread-2.23.so
7f495341f000-7f495361e000 ---p 00018000 08:02 11010258                   /lib/x86_64-linux-gnu/libpthread-2.23.so
7f495361e000-7f495361f000 r--p 00017000 08:02 11010258                   /lib/x86_64-linux-gnu/libpthread-2.23.so
7f495361f000-7f4953620000 rw-p 00018000 08:02 11010258                   /lib/x86_64-linux-gnu/libpthread-2.23.so
7f4953620000-7f4953624000 rw-p 00000000 00:00 0 
7f4953624000-7f4953627000 r-xp 00000000 08:02 11010260                   /lib/x86_64-linux-gnu/libdl-2.23.so
7f4953627000-7f4953826000 ---p 00003000 08:02 11010260                   /lib/x86_64-linux-gnu/libdl-2.23.so
7f4953826000-7f4953827000 r--p 00002000 08:02 11010260                   /lib/x86_64-linux-gnu/libdl-2.23.so
7f4953827000-7f4953828000 rw-p 00003000 08:02 11010260                   /lib/x86_64-linux-gnu/libdl-2.23.so
7f4953828000-7f49539e8000 r-xp 00000000 08:02 11010259                   /lib/x86_64-linux-gnu/libc-2.23.so
7f49539e8000-7f4953be7000 ---p 001c0000 08:02 11010259                   /lib/x86_64-linux-gnu/libc-2.23.so
7f4953be7000-7f4953beb000 r--p 001bf000 08:02 11010259                   /lib/x86_64-linux-gnu/libc-2.23.so
7f4953beb000-7f4953bed000 rw-p 001c3000 08:02 11010259                   /lib/x86_64-linux-gnu/libc-2.23.so
7f4953bed000-7f4953bf1000 rw-p 00000000 00:00 0 
7f4953bf1000-7f4953c07000 r-xp 00000000 08:02 3671973                    /home/owen/android-studio/jre/lib/amd64/jli/libjli.so
7f4953c07000-7f4953e06000 ---p 00016000 08:02 3671973                    /home/owen/android-studio/jre/lib/amd64/jli/libjli.so
7f4953e06000-7f4953e07000 r--p 00015000 08:02 3671973                    /home/owen/android-studio/jre/lib/amd64/jli/libjli.so
7f4953e07000-7f4953e08000 rw-p 00016000 08:02 3671973                    /home/owen/android-studio/jre/lib/amd64/jli/libjli.so
7f4953e08000-7f4953e2e000 r-xp 00000000 08:02 11010255                   /lib/x86_64-linux-gnu/ld-2.23.so
7f4953e2e000-7f4953e2f000 r--s 00000000 08:02 5113140                    /home/owen/android-studio/gradle/gradle-2.14.1/lib/gradle-jvm-services-2.14.1.jar
7f4953e2f000-7f4953e37000 r--s 0003a000 08:02 5113164                    /home/owen/android-studio/gradle/gradle-2.14.1/lib/gradle-base-services-2.14.1.jar
7f4953e37000-7f4953efc000 rw-p 00000000 00:00 0 
7f4953efc000-7f4953eff000 ---p 00000000 00:00 0 
7f4953eff000-7f4954001000 rw-p 00000000 00:00 0 
7f4954001000-7f4954002000 r--s 00007000 08:02 5113150                    /home/owen/android-studio/gradle/gradle-2.14.1/lib/slf4j-api-1.7.10.jar
7f4954002000-7f4954003000 r--s 00004000 08:02 5113168                    /home/owen/android-studio/gradle/gradle-2.14.1/lib/ant-launcher-1.9.6.jar
7f4954003000-7f4954021000 rw-p 00000000 00:00 0 
7f4954021000-7f4954029000 rw-s 00000000 08:02 12850215                   /tmp/hsperfdata_root/15891
7f4954029000-7f495402a000 rw-p 00000000 00:00 0 
7f495402a000-7f495402b000 ---p 00000000 00:00 0 
7f495402b000-7f495402d000 rw-p 00000000 00:00 0 
7f495402d000-7f495402e000 r--p 00025000 08:02 11010255                   /lib/x86_64-linux-gnu/ld-2.23.so
7f495402e000-7f495402f000 rw-p 00026000 08:02 11010255                   /lib/x86_64-linux-gnu/ld-2.23.so
7f495402f000-7f4954030000 rw-p 00000000 00:00 0 
7ffd6e801000-7ffd6e822000 rw-p 00000000 00:00 0                          [stack]
7ffd6e879000-7ffd6e87b000 r--p 00000000 00:00 0                          [vvar]
7ffd6e87b000-7ffd6e87d000 r-xp 00000000 00:00 0                          [vdso]
ffffffffff600000-ffffffffff601000 r-xp 00000000 00:00 0                  [vsyscall]

VM Arguments:
jvm_args: -Xmx1536m -Dfile.encoding=UTF-8 -Duser.country=CN -Duser.language=zh -Duser.variant 
java_command: org.gradle.launcher.daemon.bootstrap.GradleDaemon 2.14.1
java_class_path (initial): /home/owen/android-studio/gradle/gradle-2.14.1/lib/gradle-launcher-2.14.1.jar
Launcher Type: SUN_STANDARD

Environment Variables:
PATH=/usr/local/sbin:/usr/local/bin:/usr/sbin:/usr/bin:/sbin:/bin:/snap/bin
USERNAME=root
LD_LIBRARY_PATH=.:
SHELL=/bin/bash
DISPLAY=:0.0

Signal Handlers:
SIGSEGV: [libjvm.so+0x9daac0], sa_mask[0]=11111111011111111101111111111110, sa_flags=SA_RESTART|SA_SIGINFO
SIGBUS: [libjvm.so+0x9daac0], sa_mask[0]=11111111011111111101111111111110, sa_flags=SA_RESTART|SA_SIGINFO
SIGFPE: [libjvm.so+0x840d90], sa_mask[0]=11111111011111111101111111111110, sa_flags=SA_RESTART|SA_SIGINFO
SIGPIPE: [libjvm.so+0x840d90], sa_mask[0]=11111111011111111101111111111110, sa_flags=SA_RESTART|SA_SIGINFO
SIGXFSZ: [libjvm.so+0x840d90], sa_mask[0]=11111111011111111101111111111110, sa_flags=SA_RESTART|SA_SIGINFO
SIGILL: [libjvm.so+0x840d90], sa_mask[0]=11111111011111111101111111111110, sa_flags=SA_RESTART|SA_SIGINFO
SIGUSR1: SIG_DFL, sa_mask[0]=00000000000000000000000000000000, sa_flags=none
SIGUSR2: [libjvm.so+0x840c60], sa_mask[0]=00100000000000000000000000000000, sa_flags=SA_RESTART|SA_SIGINFO
SIGHUP: [libjvm.so+0x840e50], sa_mask[0]=11111111011111111101111111111110, sa_flags=SA_RESTART|SA_SIGINFO
SIGINT: [libjvm.so+0x840e50], sa_mask[0]=11111111011111111101111111111110, sa_flags=SA_RESTART|SA_SIGINFO
SIGTERM: [libjvm.so+0x840e50], sa_mask[0]=11111111011111111101111111111110, sa_flags=SA_RESTART|SA_SIGINFO
SIGQUIT: [libjvm.so+0x840e50], sa_mask[0]=11111111011111111101111111111110, sa_flags=SA_RESTART|SA_SIGINFO


---------------  S Y S T E M  ---------------

OS:DISTRIB_ID=LinuxMint
DISTRIB_RELEASE=17.3
DISTRIB_CODENAME=rosa
DISTRIB_DESCRIPTION="Linux Mint 17.3 Rosa"

uname:Linux 4.4.0-43-generic #63-Ubuntu SMP Wed Oct 12 13:48:03 UTC 2016 x86_64
libc:glibc 2.23 NPTL 2.23 
rlimit: STACK 8192k, CORE 0k, NPROC 29817, NOFILE 65536, AS infinity
load average:0.98 0.55 0.48

/proc/meminfo:
MemTotal:        7872260 kB
MemFree:          726100 kB
MemAvailable:    2376160 kB
Buffers:          132832 kB
Cached:          2317692 kB
SwapCached:           28 kB
Active:          4938728 kB
Inactive:        1881432 kB
Active(anon):    4005328 kB
Inactive(anon):  1015236 kB
Active(file):     933400 kB
Inactive(file):   866196 kB
Unevictable:         692 kB
Mlocked:             692 kB
SwapTotal:       8060800 kB
SwapFree:        8054192 kB
Dirty:              8588 kB
Writeback:             0 kB
AnonPages:       4370068 kB
Mapped:           836300 kB
Shmem:            651156 kB
Slab:             186360 kB
SReclaimable:     139824 kB
SUnreclaim:        46536 kB
KernelStack:       14256 kB
PageTables:        70432 kB
NFS_Unstable:          0 kB
Bounce:                0 kB
WritebackTmp:          0 kB
CommitLimit:    11996928 kB
Committed_AS:   11478848 kB
VmallocTotal:   34359738367 kB
VmallocUsed:           0 kB
VmallocChunk:          0 kB
HardwareCorrupted:     0 kB
AnonHugePages:   2064384 kB
CmaTotal:              0 kB
CmaFree:               0 kB
HugePages_Total:       0
HugePages_Free:        0
HugePages_Rsvd:        0
HugePages_Surp:        0
Hugepagesize:       2048 kB
DirectMap4k:      214948 kB
DirectMap2M:     6817792 kB
DirectMap1G:     2097152 kB


CPU:total 2 (2 cores per cpu, 1 threads per core) family 6 model 60 stepping 3, cmov, cx8, fxsr, mmx, sse, sse2, sse3, ssse3, sse4.1, sse4.2, popcnt, clmul, erms, lzcnt, tsc, tscinvbit

/proc/cpuinfo:
processor	: 0
vendor_id	: GenuineIntel
cpu family	: 6
model		: 60
model name	: Intel(R) Pentium(R) CPU G3260 @ 3.30GHz
stepping	: 3
microcode	: 0x1e
cpu MHz		: 3299.871
cache size	: 3072 KB
physical id	: 0
siblings	: 2
core id		: 0
cpu cores	: 2
apicid		: 0
initial apicid	: 0
fpu		: yes
fpu_exception	: yes
cpuid level	: 13
wp		: yes
flags		: fpu vme de pse tsc msr pae mce cx8 apic sep mtrr pge mca cmov pat pse36 clflush dts acpi mmx fxsr sse sse2 ss ht tm pbe syscall nx pdpe1gb rdtscp lm constant_tsc arch_perfmon pebs bts rep_good nopl xtopology nonstop_tsc aperfmperf eagerfpu pni pclmulqdq dtes64 monitor ds_cpl vmx est tm2 ssse3 sdbg cx16 xtpr pdcm pcid sse4_1 sse4_2 movbe popcnt tsc_deadline_timer xsave rdrand lahf_lm abm epb tpr_shadow vnmi flexpriority ept vpid fsgsbase tsc_adjust erms invpcid xsaveopt dtherm arat pln pts
bugs		:
bogomips	: 6584.93
clflush size	: 64
cache_alignment	: 64
address sizes	: 39 bits physical, 48 bits virtual
power management:

processor	: 1
vendor_id	: GenuineIntel
cpu family	: 6
model		: 60
model name	: Intel(R) Pentium(R) CPU G3260 @ 3.30GHz
stepping	: 3
microcode	: 0x1e
cpu MHz		: 3300.000
cache size	: 3072 KB
physical id	: 0
siblings	: 2
core id		: 1
cpu cores	: 2
apicid		: 2
initial apicid	: 2
fpu		: yes
fpu_exception	: yes
cpuid level	: 13
wp		: yes
flags		: fpu vme de pse tsc msr pae mce cx8 apic sep mtrr pge mca cmov pat pse36 clflush dts acpi mmx fxsr sse sse2 ss ht tm pbe syscall nx pdpe1gb rdtscp lm constant_tsc arch_perfmon pebs bts rep_good nopl xtopology nonstop_tsc aperfmperf eagerfpu pni pclmulqdq dtes64 monitor ds_cpl vmx est tm2 ssse3 sdbg cx16 xtpr pdcm pcid sse4_1 sse4_2 movbe popcnt tsc_deadline_timer xsave rdrand lahf_lm abm epb tpr_shadow vnmi flexpriority ept vpid fsgsbase tsc_adjust erms invpcid xsaveopt dtherm arat pln pts
bugs		:
bogomips	: 6584.93
clflush size	: 64
cache_alignment	: 64
address sizes	: 39 bits physical, 48 bits virtual
power management:



Memory: 4k page, physical 7872260k(726100k free), swap 8060800k(8054192k free)

vm_info: OpenJDK 64-Bit Server VM (25.76-b03) for linux-amd64 JRE (1.8.0_76-release-b03), built on Jun 29 2016 09:39:19 by "builder" with gcc 4.8.4

time: Wed Nov  2 17:55:38 2016
elapsed time: 10 seconds (0d 0h 0m 10s)

